<?xml version="1.0" encoding="UTF-8"?>
<testsuites>
  <testsuite name="Project Test Suite" tests="52" assertions="110" errors="0" failures="0" skipped="0" time="14.824343">
    <testsuite name="Tests\AppBundle\Command\CreateAgentCommandTest" file="/var/www/html/TDD/symfony_3.4/tests/AppBundle/Command/CreateAgentCommandTest.php" tests="1" assertions="1" errors="0" failures="0" skipped="0" time="0.750218">
      <testcase name="testExecute" class="Tests\AppBundle\Command\CreateAgentCommandTest" classname="Tests.AppBundle.Command.CreateAgentCommandTest" file="/var/www/html/TDD/symfony_3.4/tests/AppBundle/Command/CreateAgentCommandTest.php" line="16" assertions="1" time="0.750218"/>
    </testsuite>
    <testsuite name="tests\AppBundle\Controller\AgentControllerTest" file="/var/www/html/TDD/symfony_3.4/tests/AppBundle/Controller/AgentControllerTest.php" tests="1" assertions="3" errors="0" failures="0" skipped="0" time="2.489782">
      <testsuite name="tests\AppBundle\Controller\AgentControllerTest::testLoginAction" tests="1" assertions="3" errors="0" failures="0" skipped="0" time="2.489782">
        <testcase name="testLoginAction with data set #0" class="tests\AppBundle\Controller\AgentControllerTest" classname="tests.AppBundle.Controller.AgentControllerTest" file="/var/www/html/TDD/symfony_3.4/tests/AppBundle/Controller/AgentControllerTest.php" line="28" assertions="3" time="2.489782"/>
      </testsuite>
    </testsuite>
    <testsuite name="tests\AppBundle\Controller\CustomerControllerTest" file="/var/www/html/TDD/symfony_3.4/tests/AppBundle/Controller/CustomerControllerTest.php" tests="3" assertions="6" errors="0" failures="0" skipped="0" time="2.865283">
      <testcase name="testGetCustomerListAction" class="tests\AppBundle\Controller\CustomerControllerTest" classname="tests.AppBundle.Controller.CustomerControllerTest" file="/var/www/html/TDD/symfony_3.4/tests/AppBundle/Controller/CustomerControllerTest.php" line="25" assertions="2" time="1.456483"/>
      <testsuite name="tests\AppBundle\Controller\CustomerControllerTest::testGetCustomerDetailAction" tests="1" assertions="2" errors="0" failures="0" skipped="0" time="0.953553">
        <testcase name="testGetCustomerDetailAction with data set #0" class="tests\AppBundle\Controller\CustomerControllerTest" classname="tests.AppBundle.Controller.CustomerControllerTest" file="/var/www/html/TDD/symfony_3.4/tests/AppBundle/Controller/CustomerControllerTest.php" line="44" assertions="2" time="0.953553"/>
      </testsuite>
      <testsuite name="tests\AppBundle\Controller\CustomerControllerTest::testCreateCustomerAction" tests="1" assertions="2" errors="0" failures="0" skipped="0" time="0.455247">
        <testcase name="testCreateCustomerAction with data set #0" class="tests\AppBundle\Controller\CustomerControllerTest" classname="tests.AppBundle.Controller.CustomerControllerTest" file="/var/www/html/TDD/symfony_3.4/tests/AppBundle/Controller/CustomerControllerTest.php" line="73" assertions="2" time="0.455247"/>
      </testsuite>
    </testsuite>
    <testsuite name="tests\AppBundle\Controller\OrderControllerTest" file="/var/www/html/TDD/symfony_3.4/tests/AppBundle/Controller/OrderControllerTest.php" tests="1" assertions="3" errors="0" failures="0" skipped="0" time="1.535428">
      <testsuite name="tests\AppBundle\Controller\OrderControllerTest::testPlaceOrderAction" tests="1" assertions="3" errors="0" failures="0" skipped="0" time="1.535428">
        <testcase name="testPlaceOrderAction with data set #0" class="tests\AppBundle\Controller\OrderControllerTest" classname="tests.AppBundle.Controller.OrderControllerTest" file="/var/www/html/TDD/symfony_3.4/tests/AppBundle/Controller/OrderControllerTest.php" line="28" assertions="3" time="1.535428"/>
      </testsuite>
    </testsuite>
    <testsuite name="tests\AppBundle\Controller\ProductControllerTest" file="/var/www/html/TDD/symfony_3.4/tests/AppBundle/Controller/ProductControllerTest.php" tests="5" assertions="15" errors="0" failures="0" skipped="0" time="2.596589">
      <testsuite name="tests\AppBundle\Controller\ProductControllerTest::testGetProductListAction" tests="2" assertions="6" errors="0" failures="0" skipped="0" time="0.980484">
        <testcase name="testGetProductListAction with data set #0" class="tests\AppBundle\Controller\ProductControllerTest" classname="tests.AppBundle.Controller.ProductControllerTest" file="/var/www/html/TDD/symfony_3.4/tests/AppBundle/Controller/ProductControllerTest.php" line="29" assertions="3" time="0.476027"/>
        <testcase name="testGetProductListAction with data set #1" class="tests\AppBundle\Controller\ProductControllerTest" classname="tests.AppBundle.Controller.ProductControllerTest" file="/var/www/html/TDD/symfony_3.4/tests/AppBundle/Controller/ProductControllerTest.php" line="29" assertions="3" time="0.504457"/>
      </testsuite>
      <testsuite name="tests\AppBundle\Controller\ProductControllerTest::testGetProductDetailAction" tests="1" assertions="3" errors="0" failures="0" skipped="0" time="0.418433">
        <testcase name="testGetProductDetailAction with data set #0" class="tests\AppBundle\Controller\ProductControllerTest" classname="tests.AppBundle.Controller.ProductControllerTest" file="/var/www/html/TDD/symfony_3.4/tests/AppBundle/Controller/ProductControllerTest.php" line="72" assertions="3" time="0.418433"/>
      </testsuite>
      <testsuite name="tests\AppBundle\Controller\ProductControllerTest::testUpdateProductAction" tests="1" assertions="3" errors="0" failures="0" skipped="0" time="0.540547">
        <testcase name="testUpdateProductAction with data set #0" class="tests\AppBundle\Controller\ProductControllerTest" classname="tests.AppBundle.Controller.ProductControllerTest" file="/var/www/html/TDD/symfony_3.4/tests/AppBundle/Controller/ProductControllerTest.php" line="102" assertions="3" time="0.540547"/>
      </testsuite>
      <testsuite name="tests\AppBundle\Controller\ProductControllerTest::testCreateProductAction" tests="1" assertions="3" errors="0" failures="0" skipped="0" time="0.657125">
        <testcase name="testCreateProductAction with data set #0" class="tests\AppBundle\Controller\ProductControllerTest" classname="tests.AppBundle.Controller.ProductControllerTest" file="/var/www/html/TDD/symfony_3.4/tests/AppBundle/Controller/ProductControllerTest.php" line="136" assertions="3" time="0.657125"/>
      </testsuite>
    </testsuite>
    <testsuite name="tests\AppBundle\EventListener\RequestListenerTest" file="/var/www/html/TDD/symfony_3.4/tests/AppBundle/EventListener/RequestListenerTest.php" tests="1" assertions="1" errors="0" failures="0" skipped="0" time="0.469889">
      <testcase name="testListenerThrowsWhenMasterRequestHasInconsistentClientIps" class="tests\AppBundle\EventListener\RequestListenerTest" classname="tests.AppBundle.EventListener.RequestListenerTest" file="/var/www/html/TDD/symfony_3.4/tests/AppBundle/EventListener/RequestListenerTest.php" line="18" assertions="1" time="0.469889"/>
    </testsuite>
    <testsuite name="tests\AppBundle\EventListener\ResponseListenerTest" file="/var/www/html/TDD/symfony_3.4/tests/AppBundle/EventListener/ResponseListenerTest.php" tests="1" assertions="1" errors="0" failures="0" skipped="0" time="0.069288">
      <testcase name="testFilterDoesNothingForSubRequests" class="tests\AppBundle\EventListener\ResponseListenerTest" classname="tests.AppBundle.EventListener.ResponseListenerTest" file="/var/www/html/TDD/symfony_3.4/tests/AppBundle/EventListener/ResponseListenerTest.php" line="36" assertions="1" time="0.069288"/>
    </testsuite>
    <testsuite name="Tests\AppBundle\Repository\CustomerRepositoryTest" file="/var/www/html/TDD/symfony_3.4/tests/AppBundle/Repository/CustomerRepositoryTest.php" tests="5" assertions="8" errors="0" failures="0" skipped="0" time="0.485716">
      <testsuite name="Tests\AppBundle\Repository\CustomerRepositoryTest::findAllRecordsTest" tests="3" assertions="6" errors="0" failures="0" skipped="0" time="0.289347">
        <testcase name="findAllRecordsTest with data set #0" class="Tests\AppBundle\Repository\CustomerRepositoryTest" classname="Tests.AppBundle.Repository.CustomerRepositoryTest" file="/var/www/html/TDD/symfony_3.4/tests/AppBundle/Repository/CustomerRepositoryTest.php" line="32" assertions="2" time="0.099880"/>
        <testcase name="findAllRecordsTest with data set #1" class="Tests\AppBundle\Repository\CustomerRepositoryTest" classname="Tests.AppBundle.Repository.CustomerRepositoryTest" file="/var/www/html/TDD/symfony_3.4/tests/AppBundle/Repository/CustomerRepositoryTest.php" line="32" assertions="2" time="0.094606"/>
        <testcase name="findAllRecordsTest with data set #2" class="Tests\AppBundle\Repository\CustomerRepositoryTest" classname="Tests.AppBundle.Repository.CustomerRepositoryTest" file="/var/www/html/TDD/symfony_3.4/tests/AppBundle/Repository/CustomerRepositoryTest.php" line="32" assertions="2" time="0.094861"/>
      </testsuite>
      <testsuite name="Tests\AppBundle\Repository\CustomerRepositoryTest::findOneByIdTest" tests="2" assertions="2" errors="0" failures="0" skipped="0" time="0.196369">
        <testcase name="findOneByIdTest with data set #0" class="Tests\AppBundle\Repository\CustomerRepositoryTest" classname="Tests.AppBundle.Repository.CustomerRepositoryTest" file="/var/www/html/TDD/symfony_3.4/tests/AppBundle/Repository/CustomerRepositoryTest.php" line="64" assertions="1" time="0.096517"/>
        <testcase name="findOneByIdTest with data set #1" class="Tests\AppBundle\Repository\CustomerRepositoryTest" classname="Tests.AppBundle.Repository.CustomerRepositoryTest" file="/var/www/html/TDD/symfony_3.4/tests/AppBundle/Repository/CustomerRepositoryTest.php" line="64" assertions="1" time="0.099852"/>
      </testsuite>
    </testsuite>
    <testsuite name="tests\AppBundle\Service\AgentServiceTest" file="/var/www/html/TDD/symfony_3.4/tests/AppBundle/Service/AgentServiceTest.php" tests="6" assertions="6" errors="0" failures="0" skipped="0" time="1.116208">
      <testsuite name="tests\AppBundle\Service\AgentServiceTest::testGetUser" tests="1" assertions="1" errors="0" failures="0" skipped="0" time="0.320948">
        <testcase name="testGetUser with data set #0" class="tests\AppBundle\Service\AgentServiceTest" classname="tests.AppBundle.Service.AgentServiceTest" file="/var/www/html/TDD/symfony_3.4/tests/AppBundle/Service/AgentServiceTest.php" line="61" assertions="1" time="0.320948"/>
      </testsuite>
      <testsuite name="tests\AppBundle\Service\AgentServiceTest::testValidateUserCredentials" tests="1" assertions="1" errors="0" failures="0" skipped="0" time="0.165897">
        <testcase name="testValidateUserCredentials with data set #0" class="tests\AppBundle\Service\AgentServiceTest" classname="tests.AppBundle.Service.AgentServiceTest" file="/var/www/html/TDD/symfony_3.4/tests/AppBundle/Service/AgentServiceTest.php" line="92" assertions="1" time="0.165897"/>
      </testsuite>
      <testsuite name="tests\AppBundle\Service\AgentServiceTest::testValidateUserCredentialsThroughExceptionWithInvalidUserName" tests="1" assertions="1" errors="0" failures="0" skipped="0" time="0.191749">
        <testcase name="testValidateUserCredentialsThroughExceptionWithInvalidUserName with data set #0" class="tests\AppBundle\Service\AgentServiceTest" classname="tests.AppBundle.Service.AgentServiceTest" file="/var/www/html/TDD/symfony_3.4/tests/AppBundle/Service/AgentServiceTest.php" line="131" assertions="1" time="0.191749"/>
      </testsuite>
      <testsuite name="tests\AppBundle\Service\AgentServiceTest::testValidateUserCredentialsThroughExceptionWithDisabledUser" tests="1" assertions="1" errors="0" failures="0" skipped="0" time="0.170507">
        <testcase name="testValidateUserCredentialsThroughExceptionWithDisabledUser with data set #0" class="tests\AppBundle\Service\AgentServiceTest" classname="tests.AppBundle.Service.AgentServiceTest" file="/var/www/html/TDD/symfony_3.4/tests/AppBundle/Service/AgentServiceTest.php" line="172" assertions="1" time="0.170507"/>
      </testsuite>
      <testsuite name="tests\AppBundle\Service\AgentServiceTest::testValidateUserCredentialsThroughExceptionWithInvalidCredential" tests="1" assertions="1" errors="0" failures="0" skipped="0" time="0.165875">
        <testcase name="testValidateUserCredentialsThroughExceptionWithInvalidCredential with data set #0" class="tests\AppBundle\Service\AgentServiceTest" classname="tests.AppBundle.Service.AgentServiceTest" file="/var/www/html/TDD/symfony_3.4/tests/AppBundle/Service/AgentServiceTest.php" line="212" assertions="1" time="0.165875"/>
      </testsuite>
      <testcase name="testGenerateAuthenticationToken" class="tests\AppBundle\Service\AgentServiceTest" classname="tests.AppBundle.Service.AgentServiceTest" file="/var/www/html/TDD/symfony_3.4/tests/AppBundle/Service/AgentServiceTest.php" line="294" assertions="1" time="0.101232"/>
    </testsuite>
    <testsuite name="tests\PhpunitBundle\Service\AuthenticateAuthorizeServiceTest" file="/var/www/html/TDD/symfony_3.4/tests/AppBundle/Service/AuthenticateAuthorizeServiceTest.php" tests="6" assertions="6" errors="0" failures="0" skipped="0" time="0.756930">
      <testsuite name="tests\PhpunitBundle\Service\AuthenticateAuthorizeServiceTest::testAuthenticateApiRequest" tests="1" assertions="1" errors="0" failures="0" skipped="0" time="0.185985">
        <testcase name="testAuthenticateApiRequest with data set #0" class="tests\PhpunitBundle\Service\AuthenticateAuthorizeServiceTest" classname="tests.PhpunitBundle.Service.AuthenticateAuthorizeServiceTest" file="/var/www/html/TDD/symfony_3.4/tests/AppBundle/Service/AuthenticateAuthorizeServiceTest.php" line="53" assertions="1" time="0.185985"/>
      </testsuite>
      <testcase name="testAuthenticateApiRequestShouldThrowExceptionForInvalidContentType" class="tests\PhpunitBundle\Service\AuthenticateAuthorizeServiceTest" classname="tests.PhpunitBundle.Service.AuthenticateAuthorizeServiceTest" file="/var/www/html/TDD/symfony_3.4/tests/AppBundle/Service/AuthenticateAuthorizeServiceTest.php" line="92" assertions="1" time="0.110805"/>
      <testcase name="testAuthenticateApiRequestShouldThrowExceptionForInvalidAuthorization" class="tests\PhpunitBundle\Service\AuthenticateAuthorizeServiceTest" classname="tests.PhpunitBundle.Service.AuthenticateAuthorizeServiceTest" file="/var/www/html/TDD/symfony_3.4/tests/AppBundle/Service/AuthenticateAuthorizeServiceTest.php" line="100" assertions="1" time="0.066485"/>
      <testcase name="testAuthenticateApiRequestShouldThrowExceptionForInvalidUser" class="tests\PhpunitBundle\Service\AuthenticateAuthorizeServiceTest" classname="tests.PhpunitBundle.Service.AuthenticateAuthorizeServiceTest" file="/var/www/html/TDD/symfony_3.4/tests/AppBundle/Service/AuthenticateAuthorizeServiceTest.php" line="111" assertions="1" time="0.165731"/>
      <testcase name="testAuthenticateApiRequestShouldThrowExceptionForInvalidMethod" class="tests\PhpunitBundle\Service\AuthenticateAuthorizeServiceTest" classname="tests.PhpunitBundle.Service.AuthenticateAuthorizeServiceTest" file="/var/www/html/TDD/symfony_3.4/tests/AppBundle/Service/AuthenticateAuthorizeServiceTest.php" line="128" assertions="1" time="0.063707"/>
      <testsuite name="tests\PhpunitBundle\Service\AuthenticateAuthorizeServiceTest::testAuthenticateApiRequestShouldThrowExceptionForDisabledUser" tests="1" assertions="1" errors="0" failures="0" skipped="0" time="0.164217">
        <testcase name="testAuthenticateApiRequestShouldThrowExceptionForDisabledUser with data set #0" class="tests\PhpunitBundle\Service\AuthenticateAuthorizeServiceTest" classname="tests.PhpunitBundle.Service.AuthenticateAuthorizeServiceTest" file="/var/www/html/TDD/symfony_3.4/tests/AppBundle/Service/AuthenticateAuthorizeServiceTest.php" line="143" assertions="1" time="0.164217"/>
      </testsuite>
    </testsuite>
    <testsuite name="tests\AppBundle\Service\CustomerServiceTest" file="/var/www/html/TDD/symfony_3.4/tests/AppBundle/Service/CustomerServiceTest.php" tests="10" assertions="26" errors="0" failures="0" skipped="0" time="0.738713">
      <testcase name="testCreateOne" class="tests\AppBundle\Service\CustomerServiceTest" classname="tests.AppBundle.Service.CustomerServiceTest" file="/var/www/html/TDD/symfony_3.4/tests/AppBundle/Service/CustomerServiceTest.php" line="50" assertions="4" time="0.116840"/>
      <testsuite name="tests\AppBundle\Service\CustomerServiceTest::testGetAll" tests="3" assertions="6" errors="0" failures="0" skipped="0" time="0.187801">
        <testcase name="testGetAll with data set #0" class="tests\AppBundle\Service\CustomerServiceTest" classname="tests.AppBundle.Service.CustomerServiceTest" file="/var/www/html/TDD/symfony_3.4/tests/AppBundle/Service/CustomerServiceTest.php" line="74" assertions="2" time="0.062966"/>
        <testcase name="testGetAll with data set #1" class="tests\AppBundle\Service\CustomerServiceTest" classname="tests.AppBundle.Service.CustomerServiceTest" file="/var/www/html/TDD/symfony_3.4/tests/AppBundle/Service/CustomerServiceTest.php" line="74" assertions="2" time="0.062159"/>
        <testcase name="testGetAll with data set #2" class="tests\AppBundle\Service\CustomerServiceTest" classname="tests.AppBundle.Service.CustomerServiceTest" file="/var/www/html/TDD/symfony_3.4/tests/AppBundle/Service/CustomerServiceTest.php" line="74" assertions="2" time="0.062676"/>
      </testsuite>
      <testsuite name="tests\AppBundle\Service\CustomerServiceTest::testGetOne" tests="2" assertions="2" errors="0" failures="0" skipped="0" time="0.131986">
        <testcase name="testGetOne with data set #0" class="tests\AppBundle\Service\CustomerServiceTest" classname="tests.AppBundle.Service.CustomerServiceTest" file="/var/www/html/TDD/symfony_3.4/tests/AppBundle/Service/CustomerServiceTest.php" line="118" assertions="1" time="0.061576"/>
        <testcase name="testGetOne with data set #1" class="tests\AppBundle\Service\CustomerServiceTest" classname="tests.AppBundle.Service.CustomerServiceTest" file="/var/www/html/TDD/symfony_3.4/tests/AppBundle/Service/CustomerServiceTest.php" line="118" assertions="1" time="0.070410"/>
      </testsuite>
      <testcase name="testUpdateOneShouldThrowExceptionForInvalidCustomerId" class="tests\AppBundle\Service\CustomerServiceTest" classname="tests.AppBundle.Service.CustomerServiceTest" file="/var/www/html/TDD/symfony_3.4/tests/AppBundle/Service/CustomerServiceTest.php" line="154" assertions="4" time="0.090436"/>
      <testsuite name="tests\AppBundle\Service\CustomerServiceTest::testUpdateOne" tests="1" assertions="4" errors="0" failures="0" skipped="0" time="0.067494">
        <testcase name="testUpdateOne with data set #0" class="tests\AppBundle\Service\CustomerServiceTest" classname="tests.AppBundle.Service.CustomerServiceTest" file="/var/www/html/TDD/symfony_3.4/tests/AppBundle/Service/CustomerServiceTest.php" line="178" assertions="4" time="0.067494"/>
      </testsuite>
      <testcase name="testDeleteOneShouldThrowExceptionForInvalidCustomerId" class="tests\AppBundle\Service\CustomerServiceTest" classname="tests.AppBundle.Service.CustomerServiceTest" file="/var/www/html/TDD/symfony_3.4/tests/AppBundle/Service/CustomerServiceTest.php" line="213" assertions="4" time="0.066335"/>
      <testsuite name="tests\AppBundle\Service\CustomerServiceTest::testDeleteOne" tests="1" assertions="2" errors="0" failures="0" skipped="0" time="0.077821">
        <testcase name="testDeleteOne with data set #0" class="tests\AppBundle\Service\CustomerServiceTest" classname="tests.AppBundle.Service.CustomerServiceTest" file="/var/www/html/TDD/symfony_3.4/tests/AppBundle/Service/CustomerServiceTest.php" line="239" assertions="2" time="0.077821"/>
      </testsuite>
    </testsuite>
    <testsuite name="tests\AppBundle\Service\OrderServiceTest" file="/var/www/html/TDD/symfony_3.4/tests/AppBundle/Service/OrderServiceTest.php" tests="4" assertions="11" errors="0" failures="0" skipped="0" time="0.389337">
      <testsuite name="tests\AppBundle\Service\OrderServiceTest::testProcessPlaceOrderRequest" tests="1" assertions="3" errors="0" failures="0" skipped="0" time="0.180111">
        <testcase name="testProcessPlaceOrderRequest with data set #0" class="tests\AppBundle\Service\OrderServiceTest" classname="tests.AppBundle.Service.OrderServiceTest" file="/var/www/html/TDD/symfony_3.4/tests/AppBundle/Service/OrderServiceTest.php" line="65" assertions="3" time="0.180111"/>
      </testsuite>
      <testsuite name="tests\AppBundle\Service\OrderServiceTest::testValidatePlaceOrderRequest" tests="1" assertions="2" errors="0" failures="0" skipped="0" time="0.062543">
        <testcase name="testValidatePlaceOrderRequest with data set #0" class="tests\AppBundle\Service\OrderServiceTest" classname="tests.AppBundle.Service.OrderServiceTest" file="/var/www/html/TDD/symfony_3.4/tests/AppBundle/Service/OrderServiceTest.php" line="186" assertions="2" time="0.062543"/>
      </testsuite>
      <testsuite name="tests\AppBundle\Service\OrderServiceTest::testFetchOrCreateCustomer" tests="2" assertions="6" errors="0" failures="0" skipped="0" time="0.146683">
        <testcase name="testFetchOrCreateCustomer with data set #0" class="tests\AppBundle\Service\OrderServiceTest" classname="tests.AppBundle.Service.OrderServiceTest" file="/var/www/html/TDD/symfony_3.4/tests/AppBundle/Service/OrderServiceTest.php" line="236" assertions="3" time="0.081733"/>
        <testcase name="testFetchOrCreateCustomer with data set #1" class="tests\AppBundle\Service\OrderServiceTest" classname="tests.AppBundle.Service.OrderServiceTest" file="/var/www/html/TDD/symfony_3.4/tests/AppBundle/Service/OrderServiceTest.php" line="236" assertions="3" time="0.064950"/>
      </testsuite>
    </testsuite>
    <testsuite name="tests\AppBundle\Service\ProductServiceTest" file="/var/www/html/TDD/symfony_3.4/tests/AppBundle/Service/ProductServiceTest.php" tests="8" assertions="23" errors="0" failures="0" skipped="0" time="0.560961">
      <testsuite name="tests\AppBundle\Service\ProductServiceTest::testFetchProductList" tests="3" assertions="6" errors="0" failures="0" skipped="0" time="0.209898">
        <testcase name="testFetchProductList with data set #0" class="tests\AppBundle\Service\ProductServiceTest" classname="tests.AppBundle.Service.ProductServiceTest" file="/var/www/html/TDD/symfony_3.4/tests/AppBundle/Service/ProductServiceTest.php" line="53" assertions="2" time="0.072077"/>
        <testcase name="testFetchProductList with data set #1" class="tests\AppBundle\Service\ProductServiceTest" classname="tests.AppBundle.Service.ProductServiceTest" file="/var/www/html/TDD/symfony_3.4/tests/AppBundle/Service/ProductServiceTest.php" line="53" assertions="2" time="0.069002"/>
        <testcase name="testFetchProductList with data set #2" class="tests\AppBundle\Service\ProductServiceTest" classname="tests.AppBundle.Service.ProductServiceTest" file="/var/www/html/TDD/symfony_3.4/tests/AppBundle/Service/ProductServiceTest.php" line="53" assertions="2" time="0.068819"/>
      </testsuite>
      <testcase name="testCreateProduct" class="tests\AppBundle\Service\ProductServiceTest" classname="tests.AppBundle.Service.ProductServiceTest" file="/var/www/html/TDD/symfony_3.4/tests/AppBundle/Service/ProductServiceTest.php" line="131" assertions="2" time="0.082016"/>
      <testsuite name="tests\AppBundle\Service\ProductServiceTest::testGetProductDetail" tests="1" assertions="3" errors="0" failures="0" skipped="0" time="0.065143">
        <testcase name="testGetProductDetail with data set #0" class="tests\AppBundle\Service\ProductServiceTest" classname="tests.AppBundle.Service.ProductServiceTest" file="/var/www/html/TDD/symfony_3.4/tests/AppBundle/Service/ProductServiceTest.php" line="164" assertions="3" time="0.065143"/>
      </testsuite>
      <testcase name="testGetProductDetailThrowExceptionForInvalidProductCode" class="tests\AppBundle\Service\ProductServiceTest" classname="tests.AppBundle.Service.ProductServiceTest" file="/var/www/html/TDD/symfony_3.4/tests/AppBundle/Service/ProductServiceTest.php" line="209" assertions="4" time="0.063390"/>
      <testcase name="testUpdateProductThrowExceptionForInvalidProductCode" class="tests\AppBundle\Service\ProductServiceTest" classname="tests.AppBundle.Service.ProductServiceTest" file="/var/www/html/TDD/symfony_3.4/tests/AppBundle/Service/ProductServiceTest.php" line="230" assertions="4" time="0.065435"/>
      <testsuite name="tests\AppBundle\Service\ProductServiceTest::testUpdateOne" tests="1" assertions="4" errors="0" failures="0" skipped="0" time="0.075079">
        <testcase name="testUpdateOne with data set #0" class="tests\AppBundle\Service\ProductServiceTest" classname="tests.AppBundle.Service.ProductServiceTest" file="/var/www/html/TDD/symfony_3.4/tests/AppBundle/Service/ProductServiceTest.php" line="254" assertions="4" time="0.075079"/>
      </testsuite>
    </testsuite>
  </testsuite>
</testsuites>
