<?xml version="1.0" encoding="UTF-8"?>
<testsuites>
  <testsuite name="Tests\AppBundle\Command\CreateAgentCommandTest" file="/var/www/html/TDD/symfony_3.4/tests/AppBundle/Command/CreateAgentCommandTest.php" tests="1" assertions="0" errors="1" failures="0" skipped="0" time="29.119188">
    <testcase name="testExecute" class="Tests\AppBundle\Command\CreateAgentCommandTest" classname="Tests.AppBundle.Command.CreateAgentCommandTest" file="/var/www/html/TDD/symfony_3.4/tests/AppBundle/Command/CreateAgentCommandTest.php" line="17" assertions="0" time="29.119188">
      <error type="Error">Tests\AppBundle\Command\CreateAgentCommandTest::testExecute
Error: Class 'AppBundle\SampleTestCase' not found

/var/www/html/TDD/symfony_3.4/tests/AppBundle/Command/CreateAgentCommandTest.php:27
</error>
    </testcase>
  </testsuite>
</testsuites>
