<?xml version="1.0" encoding="UTF-8"?>
<testsuites>
  <testsuite name="Tests\AppBundle\Service\ProductServiceTest" file="/var/www/html/TDD/symfony_3.4/tests/AppBundle/Service/ProductServiceTest.php" tests="5" assertions="9" errors="1" failures="0" skipped="0" time="30.014029">
    <testsuite name="Tests\AppBundle\Service\ProductServiceTest::testFetchProductList" tests="3" assertions="6" errors="0" failures="0" skipped="0" time="29.899132">
      <testcase name="testFetchProductList with data set #0" class="Tests\AppBundle\Service\ProductServiceTest" classname="Tests.AppBundle.Service.ProductServiceTest" file="/var/www/html/TDD/symfony_3.4/tests/AppBundle/Service/ProductServiceTest.php" line="51" assertions="2" time="29.774686"/>
      <testcase name="testFetchProductList with data set #1" class="Tests\AppBundle\Service\ProductServiceTest" classname="Tests.AppBundle.Service.ProductServiceTest" file="/var/www/html/TDD/symfony_3.4/tests/AppBundle/Service/ProductServiceTest.php" line="51" assertions="2" time="0.061663"/>
      <testcase name="testFetchProductList with data set #2" class="Tests\AppBundle\Service\ProductServiceTest" classname="Tests.AppBundle.Service.ProductServiceTest" file="/var/www/html/TDD/symfony_3.4/tests/AppBundle/Service/ProductServiceTest.php" line="51" assertions="2" time="0.062783"/>
    </testsuite>
    <testcase name="testCreateProduct" class="Tests\AppBundle\Service\ProductServiceTest" classname="Tests.AppBundle.Service.ProductServiceTest" file="/var/www/html/TDD/symfony_3.4/tests/AppBundle/Service/ProductServiceTest.php" line="83" assertions="0" time="0.056415">
      <error type="ArgumentCountError">Tests\AppBundle\Service\ProductServiceTest::testCreateProduct
ArgumentCountError: Too few arguments to function Tests\AppBundle\Service\ProductServiceTest::testCreateProduct(), 0 passed and exactly 3 expected

/var/www/html/TDD/symfony_3.4/tests/AppBundle/Service/ProductServiceTest.php:83
</error>
    </testcase>
    <testsuite name="Tests\AppBundle\Service\ProductServiceTest::testGetProductDetail" tests="1" assertions="3" errors="0" failures="0" skipped="0" time="0.058482">
      <testcase name="testGetProductDetail with data set #0" class="Tests\AppBundle\Service\ProductServiceTest" classname="Tests.AppBundle.Service.ProductServiceTest" file="/var/www/html/TDD/symfony_3.4/tests/AppBundle/Service/ProductServiceTest.php" line="101" assertions="3" time="0.058482"/>
    </testsuite>
  </testsuite>
</testsuites>
