<?xml version="1.0" encoding="UTF-8"?>
<testsuites>
  <testsuite name="Project Test Suite" tests="47" assertions="101" errors="0" failures="0" skipped="0" time="8.158398">
    <testsuite name="Tests\AppBundle\Command\CreateAgentCommandTest" file="/var/www/html/TDD/symfony_3.4/tests/AppBundle/Command/CreateAgentCommandTest.php" tests="1" assertions="1" errors="0" failures="0" skipped="0" time="0.192402">
      <testcase name="testExecute" class="Tests\AppBundle\Command\CreateAgentCommandTest" classname="Tests.AppBundle.Command.CreateAgentCommandTest" file="/var/www/html/TDD/symfony_3.4/tests/AppBundle/Command/CreateAgentCommandTest.php" line="11" assertions="1" time="0.192402"/>
    </testsuite>
    <testsuite name="tests\AppBundle\Controller\AgentControllerTest" file="/var/www/html/TDD/symfony_3.4/tests/AppBundle/Controller/AgentControllerTest.php" tests="1" assertions="3" errors="0" failures="0" skipped="0" time="2.138807">
      <testsuite name="tests\AppBundle\Controller\AgentControllerTest::testLoginAction" tests="1" assertions="3" errors="0" failures="0" skipped="0" time="2.138807">
        <testcase name="testLoginAction with data set #0" class="tests\AppBundle\Controller\AgentControllerTest" classname="tests.AppBundle.Controller.AgentControllerTest" file="/var/www/html/TDD/symfony_3.4/tests/AppBundle/Controller/AgentControllerTest.php" line="28" assertions="3" time="2.138807"/>
      </testsuite>
    </testsuite>
    <testsuite name="tests\AppBundle\Controller\ProductControllerTest" file="/var/www/html/TDD/symfony_3.4/tests/AppBundle/Controller/ProductControllerTest.php" tests="5" assertions="15" errors="0" failures="0" skipped="0" time="2.290703">
      <testsuite name="tests\AppBundle\Controller\ProductControllerTest::testGetProductListAction" tests="2" assertions="6" errors="0" failures="0" skipped="0" time="1.057020">
        <testcase name="testGetProductListAction with data set #0" class="tests\AppBundle\Controller\ProductControllerTest" classname="tests.AppBundle.Controller.ProductControllerTest" file="/var/www/html/TDD/symfony_3.4/tests/AppBundle/Controller/ProductControllerTest.php" line="29" assertions="3" time="0.631985"/>
        <testcase name="testGetProductListAction with data set #1" class="tests\AppBundle\Controller\ProductControllerTest" classname="tests.AppBundle.Controller.ProductControllerTest" file="/var/www/html/TDD/symfony_3.4/tests/AppBundle/Controller/ProductControllerTest.php" line="29" assertions="3" time="0.425035"/>
      </testsuite>
      <testsuite name="tests\AppBundle\Controller\ProductControllerTest::testGetProductDetailAction" tests="1" assertions="3" errors="0" failures="0" skipped="0" time="0.349837">
        <testcase name="testGetProductDetailAction with data set #0" class="tests\AppBundle\Controller\ProductControllerTest" classname="tests.AppBundle.Controller.ProductControllerTest" file="/var/www/html/TDD/symfony_3.4/tests/AppBundle/Controller/ProductControllerTest.php" line="72" assertions="3" time="0.349837"/>
      </testsuite>
      <testsuite name="tests\AppBundle\Controller\ProductControllerTest::testUpdateProductAction" tests="1" assertions="3" errors="0" failures="0" skipped="0" time="0.444523">
        <testcase name="testUpdateProductAction with data set #0" class="tests\AppBundle\Controller\ProductControllerTest" classname="tests.AppBundle.Controller.ProductControllerTest" file="/var/www/html/TDD/symfony_3.4/tests/AppBundle/Controller/ProductControllerTest.php" line="102" assertions="3" time="0.444523"/>
      </testsuite>
      <testsuite name="tests\AppBundle\Controller\ProductControllerTest::testCreateProductAction" tests="1" assertions="3" errors="0" failures="0" skipped="0" time="0.439323">
        <testcase name="testCreateProductAction with data set #0" class="tests\AppBundle\Controller\ProductControllerTest" classname="tests.AppBundle.Controller.ProductControllerTest" file="/var/www/html/TDD/symfony_3.4/tests/AppBundle/Controller/ProductControllerTest.php" line="136" assertions="3" time="0.439323"/>
      </testsuite>
    </testsuite>
    <testsuite name="tests\AppBundle\EventListener\RequestListenerTest" file="/var/www/html/TDD/symfony_3.4/tests/AppBundle/EventListener/RequestListenerTest.php" tests="1" assertions="1" errors="0" failures="0" skipped="0" time="0.107622">
      <testcase name="testListenerThrowsWhenMasterRequestHasInconsistentClientIps" class="tests\AppBundle\EventListener\RequestListenerTest" classname="tests.AppBundle.EventListener.RequestListenerTest" file="/var/www/html/TDD/symfony_3.4/tests/AppBundle/EventListener/RequestListenerTest.php" line="18" assertions="1" time="0.107622"/>
    </testsuite>
    <testsuite name="tests\AppBundle\EventListener\ResponseListenerTest" file="/var/www/html/TDD/symfony_3.4/tests/AppBundle/EventListener/ResponseListenerTest.php" tests="1" assertions="1" errors="0" failures="0" skipped="0" time="0.061696">
      <testcase name="testFilterDoesNothingForSubRequests" class="tests\AppBundle\EventListener\ResponseListenerTest" classname="tests.AppBundle.EventListener.ResponseListenerTest" file="/var/www/html/TDD/symfony_3.4/tests/AppBundle/EventListener/ResponseListenerTest.php" line="36" assertions="1" time="0.061696"/>
    </testsuite>
    <testsuite name="Tests\AppBundle\Repository\CustomerRepositoryTest" file="/var/www/html/TDD/symfony_3.4/tests/AppBundle/Repository/CustomerRepositoryTest.php" tests="5" assertions="11" errors="0" failures="0" skipped="0" time="0.497798">
      <testsuite name="Tests\AppBundle\Repository\CustomerRepositoryTest::findAllRecordsTest" tests="3" assertions="9" errors="0" failures="0" skipped="0" time="0.325315">
        <testcase name="findAllRecordsTest with data set #0" class="Tests\AppBundle\Repository\CustomerRepositoryTest" classname="Tests.AppBundle.Repository.CustomerRepositoryTest" file="/var/www/html/TDD/symfony_3.4/tests/AppBundle/Repository/CustomerRepositoryTest.php" line="32" assertions="3" time="0.157872"/>
        <testcase name="findAllRecordsTest with data set #1" class="Tests\AppBundle\Repository\CustomerRepositoryTest" classname="Tests.AppBundle.Repository.CustomerRepositoryTest" file="/var/www/html/TDD/symfony_3.4/tests/AppBundle/Repository/CustomerRepositoryTest.php" line="32" assertions="3" time="0.085805"/>
        <testcase name="findAllRecordsTest with data set #2" class="Tests\AppBundle\Repository\CustomerRepositoryTest" classname="Tests.AppBundle.Repository.CustomerRepositoryTest" file="/var/www/html/TDD/symfony_3.4/tests/AppBundle/Repository/CustomerRepositoryTest.php" line="32" assertions="3" time="0.081638"/>
      </testsuite>
      <testsuite name="Tests\AppBundle\Repository\CustomerRepositoryTest::findOneByIdTest" tests="2" assertions="2" errors="0" failures="0" skipped="0" time="0.172483">
        <testcase name="findOneByIdTest with data set #0" class="Tests\AppBundle\Repository\CustomerRepositoryTest" classname="Tests.AppBundle.Repository.CustomerRepositoryTest" file="/var/www/html/TDD/symfony_3.4/tests/AppBundle/Repository/CustomerRepositoryTest.php" line="65" assertions="1" time="0.087402"/>
        <testcase name="findOneByIdTest with data set #1" class="Tests\AppBundle\Repository\CustomerRepositoryTest" classname="Tests.AppBundle.Repository.CustomerRepositoryTest" file="/var/www/html/TDD/symfony_3.4/tests/AppBundle/Repository/CustomerRepositoryTest.php" line="65" assertions="1" time="0.085081"/>
      </testsuite>
    </testsuite>
    <testsuite name="tests\AppBundle\Service\AgentServiceTest" file="/var/www/html/TDD/symfony_3.4/tests/AppBundle/Service/AgentServiceTest.php" tests="6" assertions="6" errors="0" failures="0" skipped="0" time="0.861252">
      <testsuite name="tests\AppBundle\Service\AgentServiceTest::testGetUser" tests="1" assertions="1" errors="0" failures="0" skipped="0" time="0.233124">
        <testcase name="testGetUser with data set #0" class="tests\AppBundle\Service\AgentServiceTest" classname="tests.AppBundle.Service.AgentServiceTest" file="/var/www/html/TDD/symfony_3.4/tests/AppBundle/Service/AgentServiceTest.php" line="61" assertions="1" time="0.233124"/>
      </testsuite>
      <testsuite name="tests\AppBundle\Service\AgentServiceTest::testValidateUserCredentials" tests="1" assertions="1" errors="0" failures="0" skipped="0" time="0.151681">
        <testcase name="testValidateUserCredentials with data set #0" class="tests\AppBundle\Service\AgentServiceTest" classname="tests.AppBundle.Service.AgentServiceTest" file="/var/www/html/TDD/symfony_3.4/tests/AppBundle/Service/AgentServiceTest.php" line="92" assertions="1" time="0.151681"/>
      </testsuite>
      <testsuite name="tests\AppBundle\Service\AgentServiceTest::testValidateUserCredentialsThroughExceptionWithInvalidUserName" tests="1" assertions="1" errors="0" failures="0" skipped="0" time="0.139392">
        <testcase name="testValidateUserCredentialsThroughExceptionWithInvalidUserName with data set #0" class="tests\AppBundle\Service\AgentServiceTest" classname="tests.AppBundle.Service.AgentServiceTest" file="/var/www/html/TDD/symfony_3.4/tests/AppBundle/Service/AgentServiceTest.php" line="131" assertions="1" time="0.139392"/>
      </testsuite>
      <testsuite name="tests\AppBundle\Service\AgentServiceTest::testValidateUserCredentialsThroughExceptionWithDisabledUser" tests="1" assertions="1" errors="0" failures="0" skipped="0" time="0.140376">
        <testcase name="testValidateUserCredentialsThroughExceptionWithDisabledUser with data set #0" class="tests\AppBundle\Service\AgentServiceTest" classname="tests.AppBundle.Service.AgentServiceTest" file="/var/www/html/TDD/symfony_3.4/tests/AppBundle/Service/AgentServiceTest.php" line="172" assertions="1" time="0.140376"/>
      </testsuite>
      <testsuite name="tests\AppBundle\Service\AgentServiceTest::testValidateUserCredentialsThroughExceptionWithInvalidCredential" tests="1" assertions="1" errors="0" failures="0" skipped="0" time="0.139690">
        <testcase name="testValidateUserCredentialsThroughExceptionWithInvalidCredential with data set #0" class="tests\AppBundle\Service\AgentServiceTest" classname="tests.AppBundle.Service.AgentServiceTest" file="/var/www/html/TDD/symfony_3.4/tests/AppBundle/Service/AgentServiceTest.php" line="212" assertions="1" time="0.139690"/>
      </testsuite>
      <testcase name="testGenerateAuthenticationToken" class="tests\AppBundle\Service\AgentServiceTest" classname="tests.AppBundle.Service.AgentServiceTest" file="/var/www/html/TDD/symfony_3.4/tests/AppBundle/Service/AgentServiceTest.php" line="294" assertions="1" time="0.056989"/>
    </testsuite>
    <testsuite name="tests\PhpunitBundle\Service\AuthenticateAuthorizeServiceTest" file="/var/www/html/TDD/symfony_3.4/tests/AppBundle/Service/AuthenticateAuthorizeServiceTest.php" tests="6" assertions="6" errors="0" failures="0" skipped="0" time="0.593544">
      <testsuite name="tests\PhpunitBundle\Service\AuthenticateAuthorizeServiceTest::testAuthenticateApiRequest" tests="1" assertions="1" errors="0" failures="0" skipped="0" time="0.141626">
        <testcase name="testAuthenticateApiRequest with data set #0" class="tests\PhpunitBundle\Service\AuthenticateAuthorizeServiceTest" classname="tests.PhpunitBundle.Service.AuthenticateAuthorizeServiceTest" file="/var/www/html/TDD/symfony_3.4/tests/AppBundle/Service/AuthenticateAuthorizeServiceTest.php" line="53" assertions="1" time="0.141626"/>
      </testsuite>
      <testcase name="testAuthenticateApiRequestShouldThrowExceptionForInvalidContentType" class="tests\PhpunitBundle\Service\AuthenticateAuthorizeServiceTest" classname="tests.PhpunitBundle.Service.AuthenticateAuthorizeServiceTest" file="/var/www/html/TDD/symfony_3.4/tests/AppBundle/Service/AuthenticateAuthorizeServiceTest.php" line="92" assertions="1" time="0.057195"/>
      <testcase name="testAuthenticateApiRequestShouldThrowExceptionForInvalidAuthorization" class="tests\PhpunitBundle\Service\AuthenticateAuthorizeServiceTest" classname="tests.PhpunitBundle.Service.AuthenticateAuthorizeServiceTest" file="/var/www/html/TDD/symfony_3.4/tests/AppBundle/Service/AuthenticateAuthorizeServiceTest.php" line="100" assertions="1" time="0.057886"/>
      <testcase name="testAuthenticateApiRequestShouldThrowExceptionForInvalidUser" class="tests\PhpunitBundle\Service\AuthenticateAuthorizeServiceTest" classname="tests.PhpunitBundle.Service.AuthenticateAuthorizeServiceTest" file="/var/www/html/TDD/symfony_3.4/tests/AppBundle/Service/AuthenticateAuthorizeServiceTest.php" line="111" assertions="1" time="0.138879"/>
      <testcase name="testAuthenticateApiRequestShouldThrowExceptionForInvalidMethod" class="tests\PhpunitBundle\Service\AuthenticateAuthorizeServiceTest" classname="tests.PhpunitBundle.Service.AuthenticateAuthorizeServiceTest" file="/var/www/html/TDD/symfony_3.4/tests/AppBundle/Service/AuthenticateAuthorizeServiceTest.php" line="128" assertions="1" time="0.057018"/>
      <testsuite name="tests\PhpunitBundle\Service\AuthenticateAuthorizeServiceTest::testAuthenticateApiRequestShouldThrowExceptionForDisabledUser" tests="1" assertions="1" errors="0" failures="0" skipped="0" time="0.140940">
        <testcase name="testAuthenticateApiRequestShouldThrowExceptionForDisabledUser with data set #0" class="tests\PhpunitBundle\Service\AuthenticateAuthorizeServiceTest" classname="tests.PhpunitBundle.Service.AuthenticateAuthorizeServiceTest" file="/var/www/html/TDD/symfony_3.4/tests/AppBundle/Service/AuthenticateAuthorizeServiceTest.php" line="143" assertions="1" time="0.140940"/>
      </testsuite>
    </testsuite>
    <testsuite name="tests\AppBundle\Service\CustomerServiceTest" file="/var/www/html/TDD/symfony_3.4/tests/AppBundle/Service/CustomerServiceTest.php" tests="10" assertions="26" errors="0" failures="0" skipped="0" time="0.649354">
      <testcase name="testCreateOne" class="tests\AppBundle\Service\CustomerServiceTest" classname="tests.AppBundle.Service.CustomerServiceTest" file="/var/www/html/TDD/symfony_3.4/tests/AppBundle/Service/CustomerServiceTest.php" line="50" assertions="4" time="0.103422"/>
      <testsuite name="tests\AppBundle\Service\CustomerServiceTest::testGetAll" tests="3" assertions="6" errors="0" failures="0" skipped="0" time="0.179586">
        <testcase name="testGetAll with data set #0" class="tests\AppBundle\Service\CustomerServiceTest" classname="tests.AppBundle.Service.CustomerServiceTest" file="/var/www/html/TDD/symfony_3.4/tests/AppBundle/Service/CustomerServiceTest.php" line="74" assertions="2" time="0.060036"/>
        <testcase name="testGetAll with data set #1" class="tests\AppBundle\Service\CustomerServiceTest" classname="tests.AppBundle.Service.CustomerServiceTest" file="/var/www/html/TDD/symfony_3.4/tests/AppBundle/Service/CustomerServiceTest.php" line="74" assertions="2" time="0.060903"/>
        <testcase name="testGetAll with data set #2" class="tests\AppBundle\Service\CustomerServiceTest" classname="tests.AppBundle.Service.CustomerServiceTest" file="/var/www/html/TDD/symfony_3.4/tests/AppBundle/Service/CustomerServiceTest.php" line="74" assertions="2" time="0.058647"/>
      </testsuite>
      <testsuite name="tests\AppBundle\Service\CustomerServiceTest::testGetOne" tests="2" assertions="2" errors="0" failures="0" skipped="0" time="0.115323">
        <testcase name="testGetOne with data set #0" class="tests\AppBundle\Service\CustomerServiceTest" classname="tests.AppBundle.Service.CustomerServiceTest" file="/var/www/html/TDD/symfony_3.4/tests/AppBundle/Service/CustomerServiceTest.php" line="118" assertions="1" time="0.057614"/>
        <testcase name="testGetOne with data set #1" class="tests\AppBundle\Service\CustomerServiceTest" classname="tests.AppBundle.Service.CustomerServiceTest" file="/var/www/html/TDD/symfony_3.4/tests/AppBundle/Service/CustomerServiceTest.php" line="118" assertions="1" time="0.057709"/>
      </testsuite>
      <testcase name="testUpdateOneShouldThrowExceptionForInvalidCustomerId" class="tests\AppBundle\Service\CustomerServiceTest" classname="tests.AppBundle.Service.CustomerServiceTest" file="/var/www/html/TDD/symfony_3.4/tests/AppBundle/Service/CustomerServiceTest.php" line="154" assertions="4" time="0.061806"/>
      <testsuite name="tests\AppBundle\Service\CustomerServiceTest::testUpdateOne" tests="1" assertions="4" errors="0" failures="0" skipped="0" time="0.063301">
        <testcase name="testUpdateOne with data set #0" class="tests\AppBundle\Service\CustomerServiceTest" classname="tests.AppBundle.Service.CustomerServiceTest" file="/var/www/html/TDD/symfony_3.4/tests/AppBundle/Service/CustomerServiceTest.php" line="178" assertions="4" time="0.063301"/>
      </testsuite>
      <testcase name="testDeleteOneShouldThrowExceptionForInvalidCustomerId" class="tests\AppBundle\Service\CustomerServiceTest" classname="tests.AppBundle.Service.CustomerServiceTest" file="/var/www/html/TDD/symfony_3.4/tests/AppBundle/Service/CustomerServiceTest.php" line="213" assertions="4" time="0.058727"/>
      <testsuite name="tests\AppBundle\Service\CustomerServiceTest::testDeleteOne" tests="1" assertions="2" errors="0" failures="0" skipped="0" time="0.067189">
        <testcase name="testDeleteOne with data set #0" class="tests\AppBundle\Service\CustomerServiceTest" classname="tests.AppBundle.Service.CustomerServiceTest" file="/var/www/html/TDD/symfony_3.4/tests/AppBundle/Service/CustomerServiceTest.php" line="239" assertions="2" time="0.067189"/>
      </testsuite>
    </testsuite>
    <testsuite name="tests\AppBundle\Service\OrderServiceTest" file="/var/www/html/TDD/symfony_3.4/tests/AppBundle/Service/OrderServiceTest.php" tests="3" assertions="8" errors="0" failures="0" skipped="0" time="0.254662">
      <testsuite name="tests\AppBundle\Service\OrderServiceTest::testProcessPlaceOrderRequest" tests="1" assertions="3" errors="0" failures="0" skipped="0" time="0.122226">
        <testcase name="testProcessPlaceOrderRequest with data set #0" class="tests\AppBundle\Service\OrderServiceTest" classname="tests.AppBundle.Service.OrderServiceTest" file="/var/www/html/TDD/symfony_3.4/tests/AppBundle/Service/OrderServiceTest.php" line="65" assertions="3" time="0.122226"/>
      </testsuite>
      <testsuite name="tests\AppBundle\Service\OrderServiceTest::testValidatePlaceOrderRequest" tests="1" assertions="2" errors="0" failures="0" skipped="0" time="0.057736">
        <testcase name="testValidatePlaceOrderRequest with data set #0" class="tests\AppBundle\Service\OrderServiceTest" classname="tests.AppBundle.Service.OrderServiceTest" file="/var/www/html/TDD/symfony_3.4/tests/AppBundle/Service/OrderServiceTest.php" line="182" assertions="2" time="0.057736"/>
      </testsuite>
      <testsuite name="tests\AppBundle\Service\OrderServiceTest::testFetchOrCreateCustomer" tests="1" assertions="3" errors="0" failures="0" skipped="0" time="0.074700">
        <testcase name="testFetchOrCreateCustomer with data set #0" class="tests\AppBundle\Service\OrderServiceTest" classname="tests.AppBundle.Service.OrderServiceTest" file="/var/www/html/TDD/symfony_3.4/tests/AppBundle/Service/OrderServiceTest.php" line="232" assertions="3" time="0.074700"/>
      </testsuite>
    </testsuite>
    <testsuite name="tests\AppBundle\Service\ProductServiceTest" file="/var/www/html/TDD/symfony_3.4/tests/AppBundle/Service/ProductServiceTest.php" tests="8" assertions="23" errors="0" failures="0" skipped="0" time="0.510559">
      <testsuite name="tests\AppBundle\Service\ProductServiceTest::testFetchProductList" tests="3" assertions="6" errors="0" failures="0" skipped="0" time="0.188201">
        <testcase name="testFetchProductList with data set #0" class="tests\AppBundle\Service\ProductServiceTest" classname="tests.AppBundle.Service.ProductServiceTest" file="/var/www/html/TDD/symfony_3.4/tests/AppBundle/Service/ProductServiceTest.php" line="53" assertions="2" time="0.062897"/>
        <testcase name="testFetchProductList with data set #1" class="tests\AppBundle\Service\ProductServiceTest" classname="tests.AppBundle.Service.ProductServiceTest" file="/var/www/html/TDD/symfony_3.4/tests/AppBundle/Service/ProductServiceTest.php" line="53" assertions="2" time="0.063528"/>
        <testcase name="testFetchProductList with data set #2" class="tests\AppBundle\Service\ProductServiceTest" classname="tests.AppBundle.Service.ProductServiceTest" file="/var/www/html/TDD/symfony_3.4/tests/AppBundle/Service/ProductServiceTest.php" line="53" assertions="2" time="0.061776"/>
      </testsuite>
      <testcase name="testCreateProduct" class="tests\AppBundle\Service\ProductServiceTest" classname="tests.AppBundle.Service.ProductServiceTest" file="/var/www/html/TDD/symfony_3.4/tests/AppBundle/Service/ProductServiceTest.php" line="131" assertions="2" time="0.075225"/>
      <testsuite name="tests\AppBundle\Service\ProductServiceTest::testGetProductDetail" tests="1" assertions="3" errors="0" failures="0" skipped="0" time="0.058653">
        <testcase name="testGetProductDetail with data set #0" class="tests\AppBundle\Service\ProductServiceTest" classname="tests.AppBundle.Service.ProductServiceTest" file="/var/www/html/TDD/symfony_3.4/tests/AppBundle/Service/ProductServiceTest.php" line="164" assertions="3" time="0.058653"/>
      </testsuite>
      <testcase name="testGetProductDetailThrowExceptionForInvalidProductCode" class="tests\AppBundle\Service\ProductServiceTest" classname="tests.AppBundle.Service.ProductServiceTest" file="/var/www/html/TDD/symfony_3.4/tests/AppBundle/Service/ProductServiceTest.php" line="209" assertions="4" time="0.058743"/>
      <testcase name="testUpdateProductThrowExceptionForInvalidProductCode" class="tests\AppBundle\Service\ProductServiceTest" classname="tests.AppBundle.Service.ProductServiceTest" file="/var/www/html/TDD/symfony_3.4/tests/AppBundle/Service/ProductServiceTest.php" line="230" assertions="4" time="0.061520"/>
      <testsuite name="tests\AppBundle\Service\ProductServiceTest::testUpdateOne" tests="1" assertions="4" errors="0" failures="0" skipped="0" time="0.068217">
        <testcase name="testUpdateOne with data set #0" class="tests\AppBundle\Service\ProductServiceTest" classname="tests.AppBundle.Service.ProductServiceTest" file="/var/www/html/TDD/symfony_3.4/tests/AppBundle/Service/ProductServiceTest.php" line="254" assertions="4" time="0.068217"/>
      </testsuite>
    </testsuite>
  </testsuite>
</testsuites>
