<?xml version="1.0" encoding="UTF-8"?>
<testsuites>
  <testsuite name="Project Test Suite" tests="58" assertions="104" errors="0" failures="3" skipped="0" time="12.698884">
    <testsuite name="Tests\AppBundle\Command\CreateAgentCommandTest" file="/var/www/html/TDD/symfony_3.4/tests/AppBundle/Command/CreateAgentCommandTest.php" tests="1" assertions="1" errors="0" failures="0" skipped="0" time="0.608316">
      <testcase name="testExecuteCreateAgentCommand" class="Tests\AppBundle\Command\CreateAgentCommandTest" classname="Tests.AppBundle.Command.CreateAgentCommandTest" file="/var/www/html/TDD/symfony_3.4/tests/AppBundle/Command/CreateAgentCommandTest.php" line="54" assertions="1" time="0.608316"/>
    </testsuite>
    <testsuite name="Tests\AppBundle\Controller\AgentControllerTest" file="/var/www/html/TDD/symfony_3.4/tests/AppBundle/Controller/AgentControllerTest.php" tests="1" assertions="3" errors="0" failures="0" skipped="0" time="1.619660">
      <testsuite name="Tests\AppBundle\Controller\AgentControllerTest::testLoginAction" tests="1" assertions="3" errors="0" failures="0" skipped="0" time="1.619660">
        <testcase name="testLoginAction with data set #0" class="Tests\AppBundle\Controller\AgentControllerTest" classname="Tests.AppBundle.Controller.AgentControllerTest" file="/var/www/html/TDD/symfony_3.4/tests/AppBundle/Controller/AgentControllerTest.php" line="33" assertions="3" time="1.619660"/>
      </testsuite>
    </testsuite>
    <testsuite name="Tests\AppBundle\Controller\BaseControllerTest" file="/var/www/html/TDD/symfony_3.4/tests/AppBundle/Controller/BaseControllerTest.php" tests="1" assertions="0" errors="0" failures="1" skipped="0" time="0.003572">
      <testcase name="Warning" assertions="0" time="0.003572">
        <warning type="PHPUnit\Framework\Warning">Warning
No tests found in class "Tests\AppBundle\Controller\BaseControllerTest".

</warning>
      </testcase>
    </testsuite>
    <testsuite name="Tests\AppBundle\Controller\CustomerControllerTest" file="/var/www/html/TDD/symfony_3.4/tests/AppBundle/Controller/CustomerControllerTest.php" tests="3" assertions="6" errors="0" failures="0" skipped="0" time="1.613087">
      <testcase name="testGetCustomerListAction" class="Tests\AppBundle\Controller\CustomerControllerTest" classname="Tests.AppBundle.Controller.CustomerControllerTest" file="/var/www/html/TDD/symfony_3.4/tests/AppBundle/Controller/CustomerControllerTest.php" line="20" assertions="2" time="0.586266"/>
      <testsuite name="Tests\AppBundle\Controller\CustomerControllerTest::testGetCustomerDetailAction" tests="1" assertions="2" errors="0" failures="0" skipped="0" time="0.452019">
        <testcase name="testGetCustomerDetailAction with data set #0" class="Tests\AppBundle\Controller\CustomerControllerTest" classname="Tests.AppBundle.Controller.CustomerControllerTest" file="/var/www/html/TDD/symfony_3.4/tests/AppBundle/Controller/CustomerControllerTest.php" line="44" assertions="2" time="0.452019"/>
      </testsuite>
      <testsuite name="Tests\AppBundle\Controller\CustomerControllerTest::testCreateCustomerAction" tests="1" assertions="2" errors="0" failures="0" skipped="0" time="0.574802">
        <testcase name="testCreateCustomerAction with data set #0" class="Tests\AppBundle\Controller\CustomerControllerTest" classname="Tests.AppBundle.Controller.CustomerControllerTest" file="/var/www/html/TDD/symfony_3.4/tests/AppBundle/Controller/CustomerControllerTest.php" line="74" assertions="2" time="0.574802"/>
      </testsuite>
    </testsuite>
    <testsuite name="Tests\AppBundle\Controller\OrderControllerTest" file="/var/www/html/TDD/symfony_3.4/tests/AppBundle/Controller/OrderControllerTest.php" tests="1" assertions="3" errors="0" failures="0" skipped="0" time="1.503505">
      <testsuite name="Tests\AppBundle\Controller\OrderControllerTest::testPlaceOrderAction" tests="1" assertions="3" errors="0" failures="0" skipped="0" time="1.503505">
        <testcase name="testPlaceOrderAction with data set #0" class="Tests\AppBundle\Controller\OrderControllerTest" classname="Tests.AppBundle.Controller.OrderControllerTest" file="/var/www/html/TDD/symfony_3.4/tests/AppBundle/Controller/OrderControllerTest.php" line="22" assertions="3" time="1.503505"/>
      </testsuite>
    </testsuite>
    <testsuite name="Tests\AppBundle\Controller\ProductControllerTest" file="/var/www/html/TDD/symfony_3.4/tests/AppBundle/Controller/ProductControllerTest.php" tests="5" assertions="15" errors="0" failures="0" skipped="0" time="3.072315">
      <testsuite name="Tests\AppBundle\Controller\ProductControllerTest::testGetProductListAction" tests="2" assertions="6" errors="0" failures="0" skipped="0" time="1.181314">
        <testcase name="testGetProductListAction with data set #0" class="Tests\AppBundle\Controller\ProductControllerTest" classname="Tests.AppBundle.Controller.ProductControllerTest" file="/var/www/html/TDD/symfony_3.4/tests/AppBundle/Controller/ProductControllerTest.php" line="33" assertions="3" time="0.572851"/>
        <testcase name="testGetProductListAction with data set #1" class="Tests\AppBundle\Controller\ProductControllerTest" classname="Tests.AppBundle.Controller.ProductControllerTest" file="/var/www/html/TDD/symfony_3.4/tests/AppBundle/Controller/ProductControllerTest.php" line="33" assertions="3" time="0.608463"/>
      </testsuite>
      <testsuite name="Tests\AppBundle\Controller\ProductControllerTest::testGetProductDetailAction" tests="1" assertions="3" errors="0" failures="0" skipped="0" time="0.523290">
        <testcase name="testGetProductDetailAction with data set #0" class="Tests\AppBundle\Controller\ProductControllerTest" classname="Tests.AppBundle.Controller.ProductControllerTest" file="/var/www/html/TDD/symfony_3.4/tests/AppBundle/Controller/ProductControllerTest.php" line="64" assertions="3" time="0.523290"/>
      </testsuite>
      <testsuite name="Tests\AppBundle\Controller\ProductControllerTest::testUpdateProductAction" tests="1" assertions="3" errors="0" failures="0" skipped="0" time="0.633978">
        <testcase name="testUpdateProductAction with data set #0" class="Tests\AppBundle\Controller\ProductControllerTest" classname="Tests.AppBundle.Controller.ProductControllerTest" file="/var/www/html/TDD/symfony_3.4/tests/AppBundle/Controller/ProductControllerTest.php" line="95" assertions="3" time="0.633978"/>
      </testsuite>
      <testsuite name="Tests\AppBundle\Controller\ProductControllerTest::testCreateProductAction" tests="1" assertions="3" errors="0" failures="0" skipped="0" time="0.733733">
        <testcase name="testCreateProductAction with data set #0" class="Tests\AppBundle\Controller\ProductControllerTest" classname="Tests.AppBundle.Controller.ProductControllerTest" file="/var/www/html/TDD/symfony_3.4/tests/AppBundle/Controller/ProductControllerTest.php" line="126" assertions="3" time="0.733733"/>
      </testsuite>
    </testsuite>
    <testsuite name="Tests\AppBundle\EventListener\RequestListenerTest" file="/var/www/html/TDD/symfony_3.4/tests/AppBundle/EventListener/RequestListenerTest.php" tests="4" assertions="4" errors="0" failures="0" skipped="0" time="0.370002">
      <testsuite name="Tests\AppBundle\EventListener\RequestListenerTest::testRequestListener" tests="4" assertions="4" errors="0" failures="0" skipped="0" time="0.370002">
        <testcase name="testRequestListener with data set #0" class="Tests\AppBundle\EventListener\RequestListenerTest" classname="Tests.AppBundle.EventListener.RequestListenerTest" file="/var/www/html/TDD/symfony_3.4/tests/AppBundle/EventListener/RequestListenerTest.php" line="39" assertions="1" time="0.148679"/>
        <testcase name="testRequestListener with data set #1" class="Tests\AppBundle\EventListener\RequestListenerTest" classname="Tests.AppBundle.EventListener.RequestListenerTest" file="/var/www/html/TDD/symfony_3.4/tests/AppBundle/EventListener/RequestListenerTest.php" line="39" assertions="1" time="0.068064"/>
        <testcase name="testRequestListener with data set #2" class="Tests\AppBundle\EventListener\RequestListenerTest" classname="Tests.AppBundle.EventListener.RequestListenerTest" file="/var/www/html/TDD/symfony_3.4/tests/AppBundle/EventListener/RequestListenerTest.php" line="39" assertions="1" time="0.074491"/>
        <testcase name="testRequestListener with data set #3" class="Tests\AppBundle\EventListener\RequestListenerTest" classname="Tests.AppBundle.EventListener.RequestListenerTest" file="/var/www/html/TDD/symfony_3.4/tests/AppBundle/EventListener/RequestListenerTest.php" line="39" assertions="1" time="0.078768"/>
      </testsuite>
    </testsuite>
    <testsuite name="Tests\AppBundle\EventListener\ResponseListenerTest" file="/var/www/html/TDD/symfony_3.4/tests/AppBundle/EventListener/ResponseListenerTest.php" tests="2" assertions="2" errors="0" failures="0" skipped="0" time="0.138963">
      <testsuite name="Tests\AppBundle\EventListener\ResponseListenerTest::testResponseListener" tests="2" assertions="2" errors="0" failures="0" skipped="0" time="0.138963">
        <testcase name="testResponseListener with data set #0" class="Tests\AppBundle\EventListener\ResponseListenerTest" classname="Tests.AppBundle.EventListener.ResponseListenerTest" file="/var/www/html/TDD/symfony_3.4/tests/AppBundle/EventListener/ResponseListenerTest.php" line="39" assertions="1" time="0.066145"/>
        <testcase name="testResponseListener with data set #1" class="Tests\AppBundle\EventListener\ResponseListenerTest" classname="Tests.AppBundle.EventListener.ResponseListenerTest" file="/var/www/html/TDD/symfony_3.4/tests/AppBundle/EventListener/ResponseListenerTest.php" line="39" assertions="1" time="0.072818"/>
      </testsuite>
    </testsuite>
    <testsuite name="Tests\AppBundle\Repository\BaseRepositoryTest" file="/var/www/html/TDD/symfony_3.4/tests/AppBundle/Repository/BaseRepositoryTest.php" tests="1" assertions="0" errors="0" failures="1" skipped="0" time="0.002318">
      <testcase name="Warning" assertions="0" time="0.002318">
        <warning type="PHPUnit\Framework\Warning">Warning
No tests found in class "Tests\AppBundle\Repository\BaseRepositoryTest".

</warning>
      </testcase>
    </testsuite>
    <testsuite name="Tests\AppBundle\Repository\ProductRepositoryTest" file="/var/www/html/TDD/symfony_3.4/tests/AppBundle/Repository/ProductRepositoryTest.php" tests="6" assertions="6" errors="0" failures="0" skipped="0" time="1.376868">
      <testsuite name="Tests\AppBundle\Repository\ProductRepositoryTest::fetchProductListDataTest" tests="1" assertions="1" errors="0" failures="0" skipped="0" time="0.198699">
        <testcase name="fetchProductListDataTest with data set #0" class="Tests\AppBundle\Repository\ProductRepositoryTest" classname="Tests.AppBundle.Repository.ProductRepositoryTest" file="/var/www/html/TDD/symfony_3.4/tests/AppBundle/Repository/ProductRepositoryTest.php" line="32" assertions="1" time="0.198699"/>
      </testsuite>
      <testsuite name="Tests\AppBundle\Repository\ProductRepositoryTest::countProductRecordsTest" tests="1" assertions="1" errors="0" failures="0" skipped="0" time="0.203365">
        <testcase name="countProductRecordsTest with data set #0" class="Tests\AppBundle\Repository\ProductRepositoryTest" classname="Tests.AppBundle.Repository.ProductRepositoryTest" file="/var/www/html/TDD/symfony_3.4/tests/AppBundle/Repository/ProductRepositoryTest.php" line="53" assertions="1" time="0.203365"/>
      </testsuite>
      <testsuite name="Tests\AppBundle\Repository\ProductRepositoryTest::fetchProductForOrderTest" tests="1" assertions="1" errors="0" failures="0" skipped="0" time="0.215336">
        <testcase name="fetchProductForOrderTest with data set #0" class="Tests\AppBundle\Repository\ProductRepositoryTest" classname="Tests.AppBundle.Repository.ProductRepositoryTest" file="/var/www/html/TDD/symfony_3.4/tests/AppBundle/Repository/ProductRepositoryTest.php" line="70" assertions="1" time="0.215336"/>
      </testsuite>
      <testsuite name="Tests\AppBundle\Repository\ProductRepositoryTest::fetchProductForOrderTestThrowExceptionForInvalidQuantity" tests="1" assertions="1" errors="0" failures="0" skipped="0" time="0.197279">
        <testcase name="fetchProductForOrderTestThrowExceptionForInvalidQuantity with data set #0" class="Tests\AppBundle\Repository\ProductRepositoryTest" classname="Tests.AppBundle.Repository.ProductRepositoryTest" file="/var/www/html/TDD/symfony_3.4/tests/AppBundle/Repository/ProductRepositoryTest.php" line="89" assertions="1" time="0.197279"/>
      </testsuite>
      <testsuite name="Tests\AppBundle\Repository\ProductRepositoryTest::fetchProductForOrderTestThrowExceptionForInvalidProductCode" tests="1" assertions="1" errors="0" failures="0" skipped="0" time="0.175864">
        <testcase name="fetchProductForOrderTestThrowExceptionForInvalidProductCode with data set #0" class="Tests\AppBundle\Repository\ProductRepositoryTest" classname="Tests.AppBundle.Repository.ProductRepositoryTest" file="/var/www/html/TDD/symfony_3.4/tests/AppBundle/Repository/ProductRepositoryTest.php" line="106" assertions="1" time="0.175864"/>
      </testsuite>
      <testsuite name="Tests\AppBundle\Repository\ProductRepositoryTest::lockProductTestCase" tests="1" assertions="1" errors="0" failures="0" skipped="0" time="0.386325">
        <testcase name="lockProductTestCase with data set #0" class="Tests\AppBundle\Repository\ProductRepositoryTest" classname="Tests.AppBundle.Repository.ProductRepositoryTest" file="/var/www/html/TDD/symfony_3.4/tests/AppBundle/Repository/ProductRepositoryTest.php" line="124" assertions="1" time="0.386325"/>
      </testsuite>
    </testsuite>
    <testsuite name="Tests\AppBundle\Service\AgentServiceTest" file="/var/www/html/TDD/symfony_3.4/tests/AppBundle/Service/AgentServiceTest.php" tests="7" assertions="9" errors="0" failures="0" skipped="0" time="0.503567">
      <testsuite name="Tests\AppBundle\Service\AgentServiceTest::testGetUser" tests="1" assertions="1" errors="0" failures="0" skipped="0" time="0.067011">
        <testcase name="testGetUser with data set #0" class="Tests\AppBundle\Service\AgentServiceTest" classname="Tests.AppBundle.Service.AgentServiceTest" file="/var/www/html/TDD/symfony_3.4/tests/AppBundle/Service/AgentServiceTest.php" line="33" assertions="1" time="0.067011"/>
      </testsuite>
      <testsuite name="Tests\AppBundle\Service\AgentServiceTest::testValidateUserCredentialsThroughExceptionWithInvalidCredential" tests="1" assertions="1" errors="0" failures="0" skipped="0" time="0.077742">
        <testcase name="testValidateUserCredentialsThroughExceptionWithInvalidCredential with data set #0" class="Tests\AppBundle\Service\AgentServiceTest" classname="Tests.AppBundle.Service.AgentServiceTest" file="/var/www/html/TDD/symfony_3.4/tests/AppBundle/Service/AgentServiceTest.php" line="61" assertions="1" time="0.077742"/>
      </testsuite>
      <testsuite name="Tests\AppBundle\Service\AgentServiceTest::testValidateUserCredentials" tests="1" assertions="1" errors="0" failures="0" skipped="0" time="0.076086">
        <testcase name="testValidateUserCredentials with data set #0" class="Tests\AppBundle\Service\AgentServiceTest" classname="Tests.AppBundle.Service.AgentServiceTest" file="/var/www/html/TDD/symfony_3.4/tests/AppBundle/Service/AgentServiceTest.php" line="113" assertions="1" time="0.076086"/>
      </testsuite>
      <testsuite name="Tests\AppBundle\Service\AgentServiceTest::testValidateUserCredentialsThroughExceptionWithInvalidUserName" tests="1" assertions="1" errors="0" failures="0" skipped="0" time="0.067040">
        <testcase name="testValidateUserCredentialsThroughExceptionWithInvalidUserName with data set #0" class="Tests\AppBundle\Service\AgentServiceTest" classname="Tests.AppBundle.Service.AgentServiceTest" file="/var/www/html/TDD/symfony_3.4/tests/AppBundle/Service/AgentServiceTest.php" line="165" assertions="1" time="0.067040"/>
      </testsuite>
      <testsuite name="Tests\AppBundle\Service\AgentServiceTest::testValidateUserCredentialsThroughExceptionWithDisabledUser" tests="1" assertions="1" errors="0" failures="0" skipped="0" time="0.066231">
        <testcase name="testValidateUserCredentialsThroughExceptionWithDisabledUser with data set #0" class="Tests\AppBundle\Service\AgentServiceTest" classname="Tests.AppBundle.Service.AgentServiceTest" file="/var/www/html/TDD/symfony_3.4/tests/AppBundle/Service/AgentServiceTest.php" line="192" assertions="1" time="0.066231"/>
      </testsuite>
      <testcase name="testGenerateAuthenticationToken" class="Tests\AppBundle\Service\AgentServiceTest" classname="Tests.AppBundle.Service.AgentServiceTest" file="/var/www/html/TDD/symfony_3.4/tests/AppBundle/Service/AgentServiceTest.php" line="217" assertions="1" time="0.062075"/>
      <testsuite name="Tests\AppBundle\Service\AgentServiceTest::testCreateAuthenticationTokenForUser" tests="1" assertions="3" errors="0" failures="0" skipped="0" time="0.087382">
        <testcase name="testCreateAuthenticationTokenForUser with data set #0" class="Tests\AppBundle\Service\AgentServiceTest" classname="Tests.AppBundle.Service.AgentServiceTest" file="/var/www/html/TDD/symfony_3.4/tests/AppBundle/Service/AgentServiceTest.php" line="226" assertions="3" time="0.087382"/>
      </testsuite>
    </testsuite>
    <testsuite name="Tests\AppBundle\Service\AuthenticateAuthorizeServiceTest" file="/var/www/html/TDD/symfony_3.4/tests/AppBundle/Service/AuthenticateAuthorizeServiceTest.php" tests="5" assertions="5" errors="0" failures="0" skipped="0" time="0.343476">
      <testsuite name="Tests\AppBundle\Service\AuthenticateAuthorizeServiceTest::testAuthenticateApiRequest" tests="1" assertions="1" errors="0" failures="0" skipped="0" time="0.071669">
        <testcase name="testAuthenticateApiRequest with data set #0" class="Tests\AppBundle\Service\AuthenticateAuthorizeServiceTest" classname="Tests.AppBundle.Service.AuthenticateAuthorizeServiceTest" file="/var/www/html/TDD/symfony_3.4/tests/AppBundle/Service/AuthenticateAuthorizeServiceTest.php" line="33" assertions="1" time="0.071669"/>
      </testsuite>
      <testsuite name="Tests\AppBundle\Service\AuthenticateAuthorizeServiceTest::testAuthenticateApiRequestShouldThrowExceptionForInvalidContentType" tests="1" assertions="1" errors="0" failures="0" skipped="0" time="0.067026">
        <testcase name="testAuthenticateApiRequestShouldThrowExceptionForInvalidContentType with data set #0" class="Tests\AppBundle\Service\AuthenticateAuthorizeServiceTest" classname="Tests.AppBundle.Service.AuthenticateAuthorizeServiceTest" file="/var/www/html/TDD/symfony_3.4/tests/AppBundle/Service/AuthenticateAuthorizeServiceTest.php" line="67" assertions="1" time="0.067026"/>
      </testsuite>
      <testsuite name="Tests\AppBundle\Service\AuthenticateAuthorizeServiceTest::testAuthenticateApiRequestShouldThrowExceptionForInvalidAuthorization" tests="1" assertions="1" errors="0" failures="0" skipped="0" time="0.065786">
        <testcase name="testAuthenticateApiRequestShouldThrowExceptionForInvalidAuthorization with data set #0" class="Tests\AppBundle\Service\AuthenticateAuthorizeServiceTest" classname="Tests.AppBundle.Service.AuthenticateAuthorizeServiceTest" file="/var/www/html/TDD/symfony_3.4/tests/AppBundle/Service/AuthenticateAuthorizeServiceTest.php" line="89" assertions="1" time="0.065786"/>
      </testsuite>
      <testsuite name="Tests\AppBundle\Service\AuthenticateAuthorizeServiceTest::testAuthenticateApiRequestShouldThrowExceptionForInvalidUser" tests="1" assertions="1" errors="0" failures="0" skipped="0" time="0.067703">
        <testcase name="testAuthenticateApiRequestShouldThrowExceptionForInvalidUser with data set #0" class="Tests\AppBundle\Service\AuthenticateAuthorizeServiceTest" classname="Tests.AppBundle.Service.AuthenticateAuthorizeServiceTest" file="/var/www/html/TDD/symfony_3.4/tests/AppBundle/Service/AuthenticateAuthorizeServiceTest.php" line="111" assertions="1" time="0.067703"/>
      </testsuite>
      <testsuite name="Tests\AppBundle\Service\AuthenticateAuthorizeServiceTest::testAuthenticateApiRequestShouldThrowExceptionForDisabledUser" tests="1" assertions="1" errors="0" failures="0" skipped="0" time="0.071292">
        <testcase name="testAuthenticateApiRequestShouldThrowExceptionForDisabledUser with data set #0" class="Tests\AppBundle\Service\AuthenticateAuthorizeServiceTest" classname="Tests.AppBundle.Service.AuthenticateAuthorizeServiceTest" file="/var/www/html/TDD/symfony_3.4/tests/AppBundle/Service/AuthenticateAuthorizeServiceTest.php" line="144" assertions="1" time="0.071292"/>
      </testsuite>
    </testsuite>
    <testsuite name="Tests\AppBundle\Service\BaseServiceTest" file="/var/www/html/TDD/symfony_3.4/tests/AppBundle/Service/BaseServiceTest.php" tests="1" assertions="0" errors="0" failures="1" skipped="0" time="0.002501">
      <testcase name="Warning" assertions="0" time="0.002501">
        <warning type="PHPUnit\Framework\Warning">Warning
No tests found in class "Tests\AppBundle\Service\BaseServiceTest".

</warning>
      </testcase>
    </testsuite>
    <testsuite name="Tests\AppBundle\Service\CustomerServiceTest" file="/var/www/html/TDD/symfony_3.4/tests/AppBundle/Service/CustomerServiceTest.php" tests="8" assertions="16" errors="0" failures="0" skipped="0" time="0.563332">
      <testsuite name="Tests\AppBundle\Service\CustomerServiceTest::testCreateCustomer" tests="1" assertions="2" errors="0" failures="0" skipped="0" time="0.086130">
        <testcase name="testCreateCustomer with data set #0" class="Tests\AppBundle\Service\CustomerServiceTest" classname="Tests.AppBundle.Service.CustomerServiceTest" file="/var/www/html/TDD/symfony_3.4/tests/AppBundle/Service/CustomerServiceTest.php" line="44" assertions="2" time="0.086130"/>
      </testsuite>
      <testsuite name="Tests\AppBundle\Service\CustomerServiceTest::testGetAllCustomer" tests="3" assertions="6" errors="0" failures="0" skipped="0" time="0.200961">
        <testcase name="testGetAllCustomer with data set #0" class="Tests\AppBundle\Service\CustomerServiceTest" classname="Tests.AppBundle.Service.CustomerServiceTest" file="/var/www/html/TDD/symfony_3.4/tests/AppBundle/Service/CustomerServiceTest.php" line="68" assertions="2" time="0.067448"/>
        <testcase name="testGetAllCustomer with data set #1" class="Tests\AppBundle\Service\CustomerServiceTest" classname="Tests.AppBundle.Service.CustomerServiceTest" file="/var/www/html/TDD/symfony_3.4/tests/AppBundle/Service/CustomerServiceTest.php" line="68" assertions="2" time="0.067513"/>
        <testcase name="testGetAllCustomer with data set #2" class="Tests\AppBundle\Service\CustomerServiceTest" classname="Tests.AppBundle.Service.CustomerServiceTest" file="/var/www/html/TDD/symfony_3.4/tests/AppBundle/Service/CustomerServiceTest.php" line="68" assertions="2" time="0.066000"/>
      </testsuite>
      <testsuite name="Tests\AppBundle\Service\CustomerServiceTest::testGetCustomerDetail" tests="1" assertions="1" errors="0" failures="0" skipped="0" time="0.066653">
        <testcase name="testGetCustomerDetail with data set #0" class="Tests\AppBundle\Service\CustomerServiceTest" classname="Tests.AppBundle.Service.CustomerServiceTest" file="/var/www/html/TDD/symfony_3.4/tests/AppBundle/Service/CustomerServiceTest.php" line="95" assertions="1" time="0.066653"/>
      </testsuite>
      <testsuite name="Tests\AppBundle\Service\CustomerServiceTest::testGetCustomerDetailThrowExceptionForInvalidCustomerId" tests="1" assertions="1" errors="0" failures="0" skipped="0" time="0.066917">
        <testcase name="testGetCustomerDetailThrowExceptionForInvalidCustomerId with data set #0" class="Tests\AppBundle\Service\CustomerServiceTest" classname="Tests.AppBundle.Service.CustomerServiceTest" file="/var/www/html/TDD/symfony_3.4/tests/AppBundle/Service/CustomerServiceTest.php" line="123" assertions="1" time="0.066917"/>
      </testsuite>
      <testsuite name="Tests\AppBundle\Service\CustomerServiceTest::testUpdateCustomerShouldThrowExceptionForInvalidCustomerId" tests="1" assertions="3" errors="0" failures="0" skipped="0" time="0.068490">
        <testcase name="testUpdateCustomerShouldThrowExceptionForInvalidCustomerId with data set #0" class="Tests\AppBundle\Service\CustomerServiceTest" classname="Tests.AppBundle.Service.CustomerServiceTest" file="/var/www/html/TDD/symfony_3.4/tests/AppBundle/Service/CustomerServiceTest.php" line="149" assertions="3" time="0.068490"/>
      </testsuite>
      <testsuite name="Tests\AppBundle\Service\CustomerServiceTest::testUpdateOne" tests="1" assertions="3" errors="0" failures="0" skipped="0" time="0.074181">
        <testcase name="testUpdateOne with data set #0" class="Tests\AppBundle\Service\CustomerServiceTest" classname="Tests.AppBundle.Service.CustomerServiceTest" file="/var/www/html/TDD/symfony_3.4/tests/AppBundle/Service/CustomerServiceTest.php" line="175" assertions="3" time="0.074181"/>
      </testsuite>
    </testsuite>
    <testsuite name="Tests\AppBundle\Service\OrderServiceTest" file="/var/www/html/TDD/symfony_3.4/tests/AppBundle/Service/OrderServiceTest.php" tests="4" assertions="12" errors="0" failures="0" skipped="0" time="0.375286">
      <testsuite name="Tests\AppBundle\Service\OrderServiceTest::testProcessPlaceOrderRequest" tests="1" assertions="4" errors="0" failures="0" skipped="0" time="0.139638">
        <testcase name="testProcessPlaceOrderRequest with data set #0" class="Tests\AppBundle\Service\OrderServiceTest" classname="Tests.AppBundle.Service.OrderServiceTest" file="/var/www/html/TDD/symfony_3.4/tests/AppBundle/Service/OrderServiceTest.php" line="54" assertions="4" time="0.139638"/>
      </testsuite>
      <testsuite name="Tests\AppBundle\Service\OrderServiceTest::testValidatePlaceOrderRequest" tests="1" assertions="2" errors="0" failures="0" skipped="0" time="0.064624">
        <testcase name="testValidatePlaceOrderRequest with data set #0" class="Tests\AppBundle\Service\OrderServiceTest" classname="Tests.AppBundle.Service.OrderServiceTest" file="/var/www/html/TDD/symfony_3.4/tests/AppBundle/Service/OrderServiceTest.php" line="121" assertions="2" time="0.064624"/>
      </testsuite>
      <testsuite name="Tests\AppBundle\Service\OrderServiceTest::testFetchOrCreateCustomer" tests="2" assertions="6" errors="0" failures="0" skipped="0" time="0.171024">
        <testcase name="testFetchOrCreateCustomer with data set #0" class="Tests\AppBundle\Service\OrderServiceTest" classname="Tests.AppBundle.Service.OrderServiceTest" file="/var/www/html/TDD/symfony_3.4/tests/AppBundle/Service/OrderServiceTest.php" line="138" assertions="3" time="0.094195"/>
        <testcase name="testFetchOrCreateCustomer with data set #1" class="Tests\AppBundle\Service\OrderServiceTest" classname="Tests.AppBundle.Service.OrderServiceTest" file="/var/www/html/TDD/symfony_3.4/tests/AppBundle/Service/OrderServiceTest.php" line="138" assertions="3" time="0.076829"/>
      </testsuite>
    </testsuite>
    <testsuite name="Tests\AppBundle\Service\ProductServiceTest" file="/var/www/html/TDD/symfony_3.4/tests/AppBundle/Service/ProductServiceTest.php" tests="8" assertions="22" errors="0" failures="0" skipped="0" time="0.602116">
      <testsuite name="Tests\AppBundle\Service\ProductServiceTest::testFetchProductList" tests="3" assertions="6" errors="0" failures="0" skipped="0" time="0.230888">
        <testcase name="testFetchProductList with data set #0" class="Tests\AppBundle\Service\ProductServiceTest" classname="Tests.AppBundle.Service.ProductServiceTest" file="/var/www/html/TDD/symfony_3.4/tests/AppBundle/Service/ProductServiceTest.php" line="50" assertions="2" time="0.082880"/>
        <testcase name="testFetchProductList with data set #1" class="Tests\AppBundle\Service\ProductServiceTest" classname="Tests.AppBundle.Service.ProductServiceTest" file="/var/www/html/TDD/symfony_3.4/tests/AppBundle/Service/ProductServiceTest.php" line="50" assertions="2" time="0.075469"/>
        <testcase name="testFetchProductList with data set #2" class="Tests\AppBundle\Service\ProductServiceTest" classname="Tests.AppBundle.Service.ProductServiceTest" file="/var/www/html/TDD/symfony_3.4/tests/AppBundle/Service/ProductServiceTest.php" line="50" assertions="2" time="0.072539"/>
      </testsuite>
      <testsuite name="Tests\AppBundle\Service\ProductServiceTest::testCreateProduct" tests="1" assertions="2" errors="0" failures="0" skipped="0" time="0.089811">
        <testcase name="testCreateProduct with data set #0" class="Tests\AppBundle\Service\ProductServiceTest" classname="Tests.AppBundle.Service.ProductServiceTest" file="/var/www/html/TDD/symfony_3.4/tests/AppBundle/Service/ProductServiceTest.php" line="86" assertions="2" time="0.089811"/>
      </testsuite>
      <testsuite name="Tests\AppBundle\Service\ProductServiceTest::testGetProductDetail" tests="1" assertions="3" errors="0" failures="0" skipped="0" time="0.068415">
        <testcase name="testGetProductDetail with data set #0" class="Tests\AppBundle\Service\ProductServiceTest" classname="Tests.AppBundle.Service.ProductServiceTest" file="/var/www/html/TDD/symfony_3.4/tests/AppBundle/Service/ProductServiceTest.php" line="112" assertions="3" time="0.068415"/>
      </testsuite>
      <testsuite name="Tests\AppBundle\Service\ProductServiceTest::testGetProductDetailThrowExceptionForInvalidProductCode" tests="1" assertions="4" errors="0" failures="0" skipped="0" time="0.070037">
        <testcase name="testGetProductDetailThrowExceptionForInvalidProductCode with data set #0" class="Tests\AppBundle\Service\ProductServiceTest" classname="Tests.AppBundle.Service.ProductServiceTest" file="/var/www/html/TDD/symfony_3.4/tests/AppBundle/Service/ProductServiceTest.php" line="141" assertions="4" time="0.070037"/>
      </testsuite>
      <testsuite name="Tests\AppBundle\Service\ProductServiceTest::testUpdateProductThrowExceptionForInvalidProductCode" tests="1" assertions="4" errors="0" failures="0" skipped="0" time="0.068856">
        <testcase name="testUpdateProductThrowExceptionForInvalidProductCode with data set #0" class="Tests\AppBundle\Service\ProductServiceTest" classname="Tests.AppBundle.Service.ProductServiceTest" file="/var/www/html/TDD/symfony_3.4/tests/AppBundle/Service/ProductServiceTest.php" line="169" assertions="4" time="0.068856"/>
      </testsuite>
      <testsuite name="Tests\AppBundle\Service\ProductServiceTest::testUpdateOne" tests="1" assertions="3" errors="0" failures="0" skipped="0" time="0.074109">
        <testcase name="testUpdateOne with data set #0" class="Tests\AppBundle\Service\ProductServiceTest" classname="Tests.AppBundle.Service.ProductServiceTest" file="/var/www/html/TDD/symfony_3.4/tests/AppBundle/Service/ProductServiceTest.php" line="197" assertions="3" time="0.074109"/>
      </testsuite>
    </testsuite>
  </testsuite>
</testsuites>
