<?xml version="1.0" encoding="UTF-8"?>
<testsuites>
  <testsuite name="Project Test Suite" tests="52" assertions="110" errors="0" failures="0" skipped="0" time="12.238907">
    <testsuite name="Tests\AppBundle\Command\CreateAgentCommandTest" file="/var/www/html/TDD/symfony_3.4/tests/AppBundle/Command/CreateAgentCommandTest.php" tests="1" assertions="1" errors="0" failures="0" skipped="0" time="0.521054">
      <testcase name="testExecute" class="Tests\AppBundle\Command\CreateAgentCommandTest" classname="Tests.AppBundle.Command.CreateAgentCommandTest" file="/var/www/html/TDD/symfony_3.4/tests/AppBundle/Command/CreateAgentCommandTest.php" line="16" assertions="1" time="0.521054"/>
    </testsuite>
    <testsuite name="tests\AppBundle\Controller\AgentControllerTest" file="/var/www/html/TDD/symfony_3.4/tests/AppBundle/Controller/AgentControllerTest.php" tests="1" assertions="3" errors="0" failures="0" skipped="0" time="2.329376">
      <testsuite name="tests\AppBundle\Controller\AgentControllerTest::testLoginAction" tests="1" assertions="3" errors="0" failures="0" skipped="0" time="2.329376">
        <testcase name="testLoginAction with data set #0" class="tests\AppBundle\Controller\AgentControllerTest" classname="tests.AppBundle.Controller.AgentControllerTest" file="/var/www/html/TDD/symfony_3.4/tests/AppBundle/Controller/AgentControllerTest.php" line="28" assertions="3" time="2.329376"/>
      </testsuite>
    </testsuite>
    <testsuite name="tests\AppBundle\Controller\CustomerControllerTest" file="/var/www/html/TDD/symfony_3.4/tests/AppBundle/Controller/CustomerControllerTest.php" tests="3" assertions="6" errors="0" failures="0" skipped="0" time="1.473487">
      <testcase name="testGetCustomerListAction" class="tests\AppBundle\Controller\CustomerControllerTest" classname="tests.AppBundle.Controller.CustomerControllerTest" file="/var/www/html/TDD/symfony_3.4/tests/AppBundle/Controller/CustomerControllerTest.php" line="25" assertions="2" time="0.559377"/>
      <testsuite name="tests\AppBundle\Controller\CustomerControllerTest::testGetCustomerDetailAction" tests="1" assertions="2" errors="0" failures="0" skipped="0" time="0.486761">
        <testcase name="testGetCustomerDetailAction with data set #0" class="tests\AppBundle\Controller\CustomerControllerTest" classname="tests.AppBundle.Controller.CustomerControllerTest" file="/var/www/html/TDD/symfony_3.4/tests/AppBundle/Controller/CustomerControllerTest.php" line="44" assertions="2" time="0.486761"/>
      </testsuite>
      <testsuite name="tests\AppBundle\Controller\CustomerControllerTest::testCreateCustomerAction" tests="1" assertions="2" errors="0" failures="0" skipped="0" time="0.427349">
        <testcase name="testCreateCustomerAction with data set #0" class="tests\AppBundle\Controller\CustomerControllerTest" classname="tests.AppBundle.Controller.CustomerControllerTest" file="/var/www/html/TDD/symfony_3.4/tests/AppBundle/Controller/CustomerControllerTest.php" line="73" assertions="2" time="0.427349"/>
      </testsuite>
    </testsuite>
    <testsuite name="tests\AppBundle\Controller\OrderControllerTest" file="/var/www/html/TDD/symfony_3.4/tests/AppBundle/Controller/OrderControllerTest.php" tests="1" assertions="3" errors="0" failures="0" skipped="0" time="1.597636">
      <testsuite name="tests\AppBundle\Controller\OrderControllerTest::testPlaceOrderAction" tests="1" assertions="3" errors="0" failures="0" skipped="0" time="1.597636">
        <testcase name="testPlaceOrderAction with data set #0" class="tests\AppBundle\Controller\OrderControllerTest" classname="tests.AppBundle.Controller.OrderControllerTest" file="/var/www/html/TDD/symfony_3.4/tests/AppBundle/Controller/OrderControllerTest.php" line="28" assertions="3" time="1.597636"/>
      </testsuite>
    </testsuite>
    <testsuite name="tests\AppBundle\Controller\ProductControllerTest" file="/var/www/html/TDD/symfony_3.4/tests/AppBundle/Controller/ProductControllerTest.php" tests="5" assertions="15" errors="0" failures="0" skipped="0" time="2.358337">
      <testsuite name="tests\AppBundle\Controller\ProductControllerTest::testGetProductListAction" tests="2" assertions="6" errors="0" failures="0" skipped="0" time="0.881614">
        <testcase name="testGetProductListAction with data set #0" class="tests\AppBundle\Controller\ProductControllerTest" classname="tests.AppBundle.Controller.ProductControllerTest" file="/var/www/html/TDD/symfony_3.4/tests/AppBundle/Controller/ProductControllerTest.php" line="29" assertions="3" time="0.440219"/>
        <testcase name="testGetProductListAction with data set #1" class="tests\AppBundle\Controller\ProductControllerTest" classname="tests.AppBundle.Controller.ProductControllerTest" file="/var/www/html/TDD/symfony_3.4/tests/AppBundle/Controller/ProductControllerTest.php" line="29" assertions="3" time="0.441395"/>
      </testsuite>
      <testsuite name="tests\AppBundle\Controller\ProductControllerTest::testGetProductDetailAction" tests="1" assertions="3" errors="0" failures="0" skipped="0" time="0.373402">
        <testcase name="testGetProductDetailAction with data set #0" class="tests\AppBundle\Controller\ProductControllerTest" classname="tests.AppBundle.Controller.ProductControllerTest" file="/var/www/html/TDD/symfony_3.4/tests/AppBundle/Controller/ProductControllerTest.php" line="72" assertions="3" time="0.373402"/>
      </testsuite>
      <testsuite name="tests\AppBundle\Controller\ProductControllerTest::testUpdateProductAction" tests="1" assertions="3" errors="0" failures="0" skipped="0" time="0.604242">
        <testcase name="testUpdateProductAction with data set #0" class="tests\AppBundle\Controller\ProductControllerTest" classname="tests.AppBundle.Controller.ProductControllerTest" file="/var/www/html/TDD/symfony_3.4/tests/AppBundle/Controller/ProductControllerTest.php" line="102" assertions="3" time="0.604242"/>
      </testsuite>
      <testsuite name="tests\AppBundle\Controller\ProductControllerTest::testCreateProductAction" tests="1" assertions="3" errors="0" failures="0" skipped="0" time="0.499079">
        <testcase name="testCreateProductAction with data set #0" class="tests\AppBundle\Controller\ProductControllerTest" classname="tests.AppBundle.Controller.ProductControllerTest" file="/var/www/html/TDD/symfony_3.4/tests/AppBundle/Controller/ProductControllerTest.php" line="136" assertions="3" time="0.499079"/>
      </testsuite>
    </testsuite>
    <testsuite name="tests\AppBundle\EventListener\RequestListenerTest" file="/var/www/html/TDD/symfony_3.4/tests/AppBundle/EventListener/RequestListenerTest.php" tests="1" assertions="1" errors="0" failures="0" skipped="0" time="0.230354">
      <testcase name="testListenerThrowsWhenMasterRequestHasInconsistentClientIps" class="tests\AppBundle\EventListener\RequestListenerTest" classname="tests.AppBundle.EventListener.RequestListenerTest" file="/var/www/html/TDD/symfony_3.4/tests/AppBundle/EventListener/RequestListenerTest.php" line="18" assertions="1" time="0.230354"/>
    </testsuite>
    <testsuite name="tests\AppBundle\EventListener\ResponseListenerTest" file="/var/www/html/TDD/symfony_3.4/tests/AppBundle/EventListener/ResponseListenerTest.php" tests="1" assertions="1" errors="0" failures="0" skipped="0" time="0.063802">
      <testcase name="testFilterDoesNothingForSubRequests" class="tests\AppBundle\EventListener\ResponseListenerTest" classname="tests.AppBundle.EventListener.ResponseListenerTest" file="/var/www/html/TDD/symfony_3.4/tests/AppBundle/EventListener/ResponseListenerTest.php" line="36" assertions="1" time="0.063802"/>
    </testsuite>
    <testsuite name="Tests\AppBundle\Repository\CustomerRepositoryTest" file="/var/www/html/TDD/symfony_3.4/tests/AppBundle/Repository/CustomerRepositoryTest.php" tests="5" assertions="8" errors="0" failures="0" skipped="0" time="0.440802">
      <testsuite name="Tests\AppBundle\Repository\CustomerRepositoryTest::findAllRecordsTest" tests="3" assertions="6" errors="0" failures="0" skipped="0" time="0.262531">
        <testcase name="findAllRecordsTest with data set #0" class="Tests\AppBundle\Repository\CustomerRepositoryTest" classname="Tests.AppBundle.Repository.CustomerRepositoryTest" file="/var/www/html/TDD/symfony_3.4/tests/AppBundle/Repository/CustomerRepositoryTest.php" line="32" assertions="2" time="0.088210"/>
        <testcase name="findAllRecordsTest with data set #1" class="Tests\AppBundle\Repository\CustomerRepositoryTest" classname="Tests.AppBundle.Repository.CustomerRepositoryTest" file="/var/www/html/TDD/symfony_3.4/tests/AppBundle/Repository/CustomerRepositoryTest.php" line="32" assertions="2" time="0.084141"/>
        <testcase name="findAllRecordsTest with data set #2" class="Tests\AppBundle\Repository\CustomerRepositoryTest" classname="Tests.AppBundle.Repository.CustomerRepositoryTest" file="/var/www/html/TDD/symfony_3.4/tests/AppBundle/Repository/CustomerRepositoryTest.php" line="32" assertions="2" time="0.090180"/>
      </testsuite>
      <testsuite name="Tests\AppBundle\Repository\CustomerRepositoryTest::findOneByIdTest" tests="2" assertions="2" errors="0" failures="0" skipped="0" time="0.178271">
        <testcase name="findOneByIdTest with data set #0" class="Tests\AppBundle\Repository\CustomerRepositoryTest" classname="Tests.AppBundle.Repository.CustomerRepositoryTest" file="/var/www/html/TDD/symfony_3.4/tests/AppBundle/Repository/CustomerRepositoryTest.php" line="64" assertions="1" time="0.088451"/>
        <testcase name="findOneByIdTest with data set #1" class="Tests\AppBundle\Repository\CustomerRepositoryTest" classname="Tests.AppBundle.Repository.CustomerRepositoryTest" file="/var/www/html/TDD/symfony_3.4/tests/AppBundle/Repository/CustomerRepositoryTest.php" line="64" assertions="1" time="0.089820"/>
      </testsuite>
    </testsuite>
    <testsuite name="tests\AppBundle\Service\AgentServiceTest" file="/var/www/html/TDD/symfony_3.4/tests/AppBundle/Service/AgentServiceTest.php" tests="6" assertions="6" errors="0" failures="0" skipped="0" time="0.997777">
      <testsuite name="tests\AppBundle\Service\AgentServiceTest::testGetUser" tests="1" assertions="1" errors="0" failures="0" skipped="0" time="0.239535">
        <testcase name="testGetUser with data set #0" class="tests\AppBundle\Service\AgentServiceTest" classname="tests.AppBundle.Service.AgentServiceTest" file="/var/www/html/TDD/symfony_3.4/tests/AppBundle/Service/AgentServiceTest.php" line="61" assertions="1" time="0.239535"/>
      </testsuite>
      <testsuite name="tests\AppBundle\Service\AgentServiceTest::testValidateUserCredentials" tests="1" assertions="1" errors="0" failures="0" skipped="0" time="0.147157">
        <testcase name="testValidateUserCredentials with data set #0" class="tests\AppBundle\Service\AgentServiceTest" classname="tests.AppBundle.Service.AgentServiceTest" file="/var/www/html/TDD/symfony_3.4/tests/AppBundle/Service/AgentServiceTest.php" line="92" assertions="1" time="0.147157"/>
      </testsuite>
      <testsuite name="tests\AppBundle\Service\AgentServiceTest::testValidateUserCredentialsThroughExceptionWithInvalidUserName" tests="1" assertions="1" errors="0" failures="0" skipped="0" time="0.162225">
        <testcase name="testValidateUserCredentialsThroughExceptionWithInvalidUserName with data set #0" class="tests\AppBundle\Service\AgentServiceTest" classname="tests.AppBundle.Service.AgentServiceTest" file="/var/www/html/TDD/symfony_3.4/tests/AppBundle/Service/AgentServiceTest.php" line="131" assertions="1" time="0.162225"/>
      </testsuite>
      <testsuite name="tests\AppBundle\Service\AgentServiceTest::testValidateUserCredentialsThroughExceptionWithDisabledUser" tests="1" assertions="1" errors="0" failures="0" skipped="0" time="0.152478">
        <testcase name="testValidateUserCredentialsThroughExceptionWithDisabledUser with data set #0" class="tests\AppBundle\Service\AgentServiceTest" classname="tests.AppBundle.Service.AgentServiceTest" file="/var/www/html/TDD/symfony_3.4/tests/AppBundle/Service/AgentServiceTest.php" line="172" assertions="1" time="0.152478"/>
      </testsuite>
      <testsuite name="tests\AppBundle\Service\AgentServiceTest::testValidateUserCredentialsThroughExceptionWithInvalidCredential" tests="1" assertions="1" errors="0" failures="0" skipped="0" time="0.156017">
        <testcase name="testValidateUserCredentialsThroughExceptionWithInvalidCredential with data set #0" class="tests\AppBundle\Service\AgentServiceTest" classname="tests.AppBundle.Service.AgentServiceTest" file="/var/www/html/TDD/symfony_3.4/tests/AppBundle/Service/AgentServiceTest.php" line="212" assertions="1" time="0.156017"/>
      </testsuite>
      <testcase name="testGenerateAuthenticationToken" class="tests\AppBundle\Service\AgentServiceTest" classname="tests.AppBundle.Service.AgentServiceTest" file="/var/www/html/TDD/symfony_3.4/tests/AppBundle/Service/AgentServiceTest.php" line="294" assertions="1" time="0.140365"/>
    </testsuite>
    <testsuite name="tests\PhpunitBundle\Service\AuthenticateAuthorizeServiceTest" file="/var/www/html/TDD/symfony_3.4/tests/AppBundle/Service/AuthenticateAuthorizeServiceTest.php" tests="6" assertions="6" errors="0" failures="0" skipped="0" time="0.626898">
      <testsuite name="tests\PhpunitBundle\Service\AuthenticateAuthorizeServiceTest::testAuthenticateApiRequest" tests="1" assertions="1" errors="0" failures="0" skipped="0" time="0.160899">
        <testcase name="testAuthenticateApiRequest with data set #0" class="tests\PhpunitBundle\Service\AuthenticateAuthorizeServiceTest" classname="tests.PhpunitBundle.Service.AuthenticateAuthorizeServiceTest" file="/var/www/html/TDD/symfony_3.4/tests/AppBundle/Service/AuthenticateAuthorizeServiceTest.php" line="53" assertions="1" time="0.160899"/>
      </testsuite>
      <testcase name="testAuthenticateApiRequestShouldThrowExceptionForInvalidContentType" class="tests\PhpunitBundle\Service\AuthenticateAuthorizeServiceTest" classname="tests.PhpunitBundle.Service.AuthenticateAuthorizeServiceTest" file="/var/www/html/TDD/symfony_3.4/tests/AppBundle/Service/AuthenticateAuthorizeServiceTest.php" line="92" assertions="1" time="0.060843"/>
      <testcase name="testAuthenticateApiRequestShouldThrowExceptionForInvalidAuthorization" class="tests\PhpunitBundle\Service\AuthenticateAuthorizeServiceTest" classname="tests.PhpunitBundle.Service.AuthenticateAuthorizeServiceTest" file="/var/www/html/TDD/symfony_3.4/tests/AppBundle/Service/AuthenticateAuthorizeServiceTest.php" line="100" assertions="1" time="0.057859"/>
      <testcase name="testAuthenticateApiRequestShouldThrowExceptionForInvalidUser" class="tests\PhpunitBundle\Service\AuthenticateAuthorizeServiceTest" classname="tests.PhpunitBundle.Service.AuthenticateAuthorizeServiceTest" file="/var/www/html/TDD/symfony_3.4/tests/AppBundle/Service/AuthenticateAuthorizeServiceTest.php" line="111" assertions="1" time="0.143390"/>
      <testcase name="testAuthenticateApiRequestShouldThrowExceptionForInvalidMethod" class="tests\PhpunitBundle\Service\AuthenticateAuthorizeServiceTest" classname="tests.PhpunitBundle.Service.AuthenticateAuthorizeServiceTest" file="/var/www/html/TDD/symfony_3.4/tests/AppBundle/Service/AuthenticateAuthorizeServiceTest.php" line="128" assertions="1" time="0.058032"/>
      <testsuite name="tests\PhpunitBundle\Service\AuthenticateAuthorizeServiceTest::testAuthenticateApiRequestShouldThrowExceptionForDisabledUser" tests="1" assertions="1" errors="0" failures="0" skipped="0" time="0.145875">
        <testcase name="testAuthenticateApiRequestShouldThrowExceptionForDisabledUser with data set #0" class="tests\PhpunitBundle\Service\AuthenticateAuthorizeServiceTest" classname="tests.PhpunitBundle.Service.AuthenticateAuthorizeServiceTest" file="/var/www/html/TDD/symfony_3.4/tests/AppBundle/Service/AuthenticateAuthorizeServiceTest.php" line="143" assertions="1" time="0.145875"/>
      </testsuite>
    </testsuite>
    <testsuite name="tests\AppBundle\Service\CustomerServiceTest" file="/var/www/html/TDD/symfony_3.4/tests/AppBundle/Service/CustomerServiceTest.php" tests="10" assertions="26" errors="0" failures="0" skipped="0" time="0.737568">
      <testcase name="testCreateOne" class="tests\AppBundle\Service\CustomerServiceTest" classname="tests.AppBundle.Service.CustomerServiceTest" file="/var/www/html/TDD/symfony_3.4/tests/AppBundle/Service/CustomerServiceTest.php" line="50" assertions="4" time="0.124367"/>
      <testsuite name="tests\AppBundle\Service\CustomerServiceTest::testGetAll" tests="3" assertions="6" errors="0" failures="0" skipped="0" time="0.184721">
        <testcase name="testGetAll with data set #0" class="tests\AppBundle\Service\CustomerServiceTest" classname="tests.AppBundle.Service.CustomerServiceTest" file="/var/www/html/TDD/symfony_3.4/tests/AppBundle/Service/CustomerServiceTest.php" line="74" assertions="2" time="0.061253"/>
        <testcase name="testGetAll with data set #1" class="tests\AppBundle\Service\CustomerServiceTest" classname="tests.AppBundle.Service.CustomerServiceTest" file="/var/www/html/TDD/symfony_3.4/tests/AppBundle/Service/CustomerServiceTest.php" line="74" assertions="2" time="0.060872"/>
        <testcase name="testGetAll with data set #2" class="tests\AppBundle\Service\CustomerServiceTest" classname="tests.AppBundle.Service.CustomerServiceTest" file="/var/www/html/TDD/symfony_3.4/tests/AppBundle/Service/CustomerServiceTest.php" line="74" assertions="2" time="0.062596"/>
      </testsuite>
      <testsuite name="tests\AppBundle\Service\CustomerServiceTest::testGetOne" tests="2" assertions="2" errors="0" failures="0" skipped="0" time="0.123867">
        <testcase name="testGetOne with data set #0" class="tests\AppBundle\Service\CustomerServiceTest" classname="tests.AppBundle.Service.CustomerServiceTest" file="/var/www/html/TDD/symfony_3.4/tests/AppBundle/Service/CustomerServiceTest.php" line="118" assertions="1" time="0.061246"/>
        <testcase name="testGetOne with data set #1" class="tests\AppBundle\Service\CustomerServiceTest" classname="tests.AppBundle.Service.CustomerServiceTest" file="/var/www/html/TDD/symfony_3.4/tests/AppBundle/Service/CustomerServiceTest.php" line="118" assertions="1" time="0.062621"/>
      </testsuite>
      <testcase name="testUpdateOneShouldThrowExceptionForInvalidCustomerId" class="tests\AppBundle\Service\CustomerServiceTest" classname="tests.AppBundle.Service.CustomerServiceTest" file="/var/www/html/TDD/symfony_3.4/tests/AppBundle/Service/CustomerServiceTest.php" line="154" assertions="4" time="0.106029"/>
      <testsuite name="tests\AppBundle\Service\CustomerServiceTest::testUpdateOne" tests="1" assertions="4" errors="0" failures="0" skipped="0" time="0.064738">
        <testcase name="testUpdateOne with data set #0" class="tests\AppBundle\Service\CustomerServiceTest" classname="tests.AppBundle.Service.CustomerServiceTest" file="/var/www/html/TDD/symfony_3.4/tests/AppBundle/Service/CustomerServiceTest.php" line="178" assertions="4" time="0.064738"/>
      </testsuite>
      <testcase name="testDeleteOneShouldThrowExceptionForInvalidCustomerId" class="tests\AppBundle\Service\CustomerServiceTest" classname="tests.AppBundle.Service.CustomerServiceTest" file="/var/www/html/TDD/symfony_3.4/tests/AppBundle/Service/CustomerServiceTest.php" line="213" assertions="4" time="0.062557"/>
      <testsuite name="tests\AppBundle\Service\CustomerServiceTest::testDeleteOne" tests="1" assertions="2" errors="0" failures="0" skipped="0" time="0.071289">
        <testcase name="testDeleteOne with data set #0" class="tests\AppBundle\Service\CustomerServiceTest" classname="tests.AppBundle.Service.CustomerServiceTest" file="/var/www/html/TDD/symfony_3.4/tests/AppBundle/Service/CustomerServiceTest.php" line="239" assertions="2" time="0.071289"/>
      </testsuite>
    </testsuite>
    <testsuite name="tests\AppBundle\Service\OrderServiceTest" file="/var/www/html/TDD/symfony_3.4/tests/AppBundle/Service/OrderServiceTest.php" tests="4" assertions="11" errors="0" failures="0" skipped="0" time="0.333588">
      <testsuite name="tests\AppBundle\Service\OrderServiceTest::testProcessPlaceOrderRequest" tests="1" assertions="3" errors="0" failures="0" skipped="0" time="0.133434">
        <testcase name="testProcessPlaceOrderRequest with data set #0" class="tests\AppBundle\Service\OrderServiceTest" classname="tests.AppBundle.Service.OrderServiceTest" file="/var/www/html/TDD/symfony_3.4/tests/AppBundle/Service/OrderServiceTest.php" line="65" assertions="3" time="0.133434"/>
      </testsuite>
      <testsuite name="tests\AppBundle\Service\OrderServiceTest::testValidatePlaceOrderRequest" tests="1" assertions="2" errors="0" failures="0" skipped="0" time="0.059237">
        <testcase name="testValidatePlaceOrderRequest with data set #0" class="tests\AppBundle\Service\OrderServiceTest" classname="tests.AppBundle.Service.OrderServiceTest" file="/var/www/html/TDD/symfony_3.4/tests/AppBundle/Service/OrderServiceTest.php" line="186" assertions="2" time="0.059237"/>
      </testsuite>
      <testsuite name="tests\AppBundle\Service\OrderServiceTest::testFetchOrCreateCustomer" tests="2" assertions="6" errors="0" failures="0" skipped="0" time="0.140917">
        <testcase name="testFetchOrCreateCustomer with data set #0" class="tests\AppBundle\Service\OrderServiceTest" classname="tests.AppBundle.Service.OrderServiceTest" file="/var/www/html/TDD/symfony_3.4/tests/AppBundle/Service/OrderServiceTest.php" line="236" assertions="3" time="0.078051"/>
        <testcase name="testFetchOrCreateCustomer with data set #1" class="tests\AppBundle\Service\OrderServiceTest" classname="tests.AppBundle.Service.OrderServiceTest" file="/var/www/html/TDD/symfony_3.4/tests/AppBundle/Service/OrderServiceTest.php" line="236" assertions="3" time="0.062866"/>
      </testsuite>
    </testsuite>
    <testsuite name="tests\AppBundle\Service\ProductServiceTest" file="/var/www/html/TDD/symfony_3.4/tests/AppBundle/Service/ProductServiceTest.php" tests="8" assertions="23" errors="0" failures="0" skipped="0" time="0.528227">
      <testsuite name="tests\AppBundle\Service\ProductServiceTest::testFetchProductList" tests="3" assertions="6" errors="0" failures="0" skipped="0" time="0.197176">
        <testcase name="testFetchProductList with data set #0" class="tests\AppBundle\Service\ProductServiceTest" classname="tests.AppBundle.Service.ProductServiceTest" file="/var/www/html/TDD/symfony_3.4/tests/AppBundle/Service/ProductServiceTest.php" line="53" assertions="2" time="0.065162"/>
        <testcase name="testFetchProductList with data set #1" class="tests\AppBundle\Service\ProductServiceTest" classname="tests.AppBundle.Service.ProductServiceTest" file="/var/www/html/TDD/symfony_3.4/tests/AppBundle/Service/ProductServiceTest.php" line="53" assertions="2" time="0.066975"/>
        <testcase name="testFetchProductList with data set #2" class="tests\AppBundle\Service\ProductServiceTest" classname="tests.AppBundle.Service.ProductServiceTest" file="/var/www/html/TDD/symfony_3.4/tests/AppBundle/Service/ProductServiceTest.php" line="53" assertions="2" time="0.065039"/>
      </testsuite>
      <testcase name="testCreateProduct" class="tests\AppBundle\Service\ProductServiceTest" classname="tests.AppBundle.Service.ProductServiceTest" file="/var/www/html/TDD/symfony_3.4/tests/AppBundle/Service/ProductServiceTest.php" line="131" assertions="2" time="0.075852"/>
      <testsuite name="tests\AppBundle\Service\ProductServiceTest::testGetProductDetail" tests="1" assertions="3" errors="0" failures="0" skipped="0" time="0.062102">
        <testcase name="testGetProductDetail with data set #0" class="tests\AppBundle\Service\ProductServiceTest" classname="tests.AppBundle.Service.ProductServiceTest" file="/var/www/html/TDD/symfony_3.4/tests/AppBundle/Service/ProductServiceTest.php" line="164" assertions="3" time="0.062102"/>
      </testsuite>
      <testcase name="testGetProductDetailThrowExceptionForInvalidProductCode" class="tests\AppBundle\Service\ProductServiceTest" classname="tests.AppBundle.Service.ProductServiceTest" file="/var/www/html/TDD/symfony_3.4/tests/AppBundle/Service/ProductServiceTest.php" line="209" assertions="4" time="0.061536"/>
      <testcase name="testUpdateProductThrowExceptionForInvalidProductCode" class="tests\AppBundle\Service\ProductServiceTest" classname="tests.AppBundle.Service.ProductServiceTest" file="/var/www/html/TDD/symfony_3.4/tests/AppBundle/Service/ProductServiceTest.php" line="230" assertions="4" time="0.063552"/>
      <testsuite name="tests\AppBundle\Service\ProductServiceTest::testUpdateOne" tests="1" assertions="4" errors="0" failures="0" skipped="0" time="0.068009">
        <testcase name="testUpdateOne with data set #0" class="tests\AppBundle\Service\ProductServiceTest" classname="tests.AppBundle.Service.ProductServiceTest" file="/var/www/html/TDD/symfony_3.4/tests/AppBundle/Service/ProductServiceTest.php" line="254" assertions="4" time="0.068009"/>
      </testsuite>
    </testsuite>
  </testsuite>
</testsuites>
